[2025-09-05T11:20:22+00:00] DELETE hold kcxpKvlGM6rQsexN_49064306 for game 41551F9C679173BC114D28 -> HTTP 204, resp: 
[2025-09-05T11:20:23+00:00] REQUEST for game 41551F9C679173BC114D28:
{
    "eventId": "41551F9C679173BC114D28_41551A99J6J18496AE864A_2025-09-05",
    "customer": {
        "firstName": "Test",
        "lastName": "User",
        "emailAddress": "test@example.com",
        "phoneNumbers": [
            {
                "number": "1234567890",
                "type": "mobile"
            }
        ]
    },
    "participants": {
        "numbers": [
            {
                "peopleCategoryId": "Cadults",
                "number": 2
            }
        ]
    },
    "productId": "41551F9C679173BC114D28",
    "giftVoucherCodeInput": "JWWFPAC"
}

HTTP CODE: 201
RESPONSE:
{
  "id": "fqWImGdYlEkVh1n8_49064309",
  "price": {
    "totalGross": {
      "amount": "92.24",
      "currency": "USD"
    },
    "totalNet": {
      "amount": "80",
      "currency": "USD"
    },
    "totalTaxes": {
      "amount": "12.24",
      "currency": "USD"
    },
    "totalPaid": {
      "amount": "0",
      "currency": "USD"
    },
    "taxes": [
      {
        "taxId": "41551F4AA9416930C3600E",
        "amount": {
          "amount": "4",
          "currency": "USD"
        }
      },
      {
        "taxId": "415514PR6RC14F9231736E",
        "amount": {
          "amount": "8.24",
          "currency": "USD"
        }
      }
    ]
  },
  "totalPayable": {
    "amount": "67.24",
    "currency": "USD"
  },
  "expiration": "2025-09-05T04:25:23-07:00",
  "applicableGiftVoucherCredit": {
    "amount": "25",
    "currency": "USD"
  }
}
[2025-09-05T11:20:45+00:00] DELETE hold fqWImGdYlEkVh1n8_49064309 for game 41551F9C679173BC114D28 -> HTTP 204, resp: 
[2025-09-05T11:20:45+00:00] REQUEST for game 41551F9C679173BC114D28:
{
    "eventId": "41551F9C679173BC114D28_41551A99J6J18496AE864A_2025-09-05",
    "customer": {
        "firstName": "Test",
        "lastName": "User",
        "emailAddress": "test@example.com",
        "phoneNumbers": [
            {
                "number": "1234567890",
                "type": "mobile"
            }
        ]
    },
    "participants": {
        "numbers": [
            {
                "peopleCategoryId": "Cadults",
                "number": 2
            }
        ]
    },
    "productId": "41551F9C679173BC114D28",
    "giftVoucherCodeInput": "JWWFPAC"
}

HTTP CODE: 201
RESPONSE:
{
  "id": "LnJbHNqcNXCPINUm_49064310",
  "price": {
    "totalGross": {
      "amount": "92.24",
      "currency": "USD"
    },
    "totalNet": {
      "amount": "80",
      "currency": "USD"
    },
    "totalTaxes": {
      "amount": "12.24",
      "currency": "USD"
    },
    "totalPaid": {
      "amount": "0",
      "currency": "USD"
    },
    "taxes": [
      {
        "taxId": "41551F4AA9416930C3600E",
        "amount": {
          "amount": "4",
          "currency": "USD"
        }
      },
      {
        "taxId": "415514PR6RC14F9231736E",
        "amount": {
          "amount": "8.24",
          "currency": "USD"
        }
      }
    ]
  },
  "totalPayable": {
    "amount": "67.24",
    "currency": "USD"
  },
  "expiration": "2025-09-05T04:25:45-07:00",
  "applicableGiftVoucherCredit": {
    "amount": "25",
    "currency": "USD"
  }
}
[2025-09-05T11:28:12+00:00] DELETE hold LnJbHNqcNXCPINUm_49064310 for game 41551F9C679173BC114D28 -> HTTP 204, resp: 
[2025-09-05T11:28:13+00:00] REQUEST for game 41551F9C679173BC114D28:
{
    "eventId": "41551F9C679173BC114D28_41551A99J6J18496AE864A_2025-09-05",
    "customer": {
        "firstName": "Test",
        "lastName": "User",
        "emailAddress": "test@example.com",
        "phoneNumbers": [
            {
                "number": "1234567890",
                "type": "mobile"
            }
        ]
    },
    "participants": {
        "numbers": [
            {
                "peopleCategoryId": "Cadults",
                "number": 2
            }
        ]
    },
    "productId": "41551F9C679173BC114D28",
    "giftVoucherCodeInput": "JWWFPAC"
}

HTTP CODE: 201
RESPONSE:
{
  "id": "VRTxStqme8mleptF_49064445",
  "price": {
    "totalGross": {
      "amount": "92.24",
      "currency": "USD"
    },
    "totalNet": {
      "amount": "80",
      "currency": "USD"
    },
    "totalTaxes": {
      "amount": "12.24",
      "currency": "USD"
    },
    "totalPaid": {
      "amount": "0",
      "currency": "USD"
    },
    "taxes": [
      {
        "taxId": "41551F4AA9416930C3600E",
        "amount": {
          "amount": "4",
          "currency": "USD"
        }
      },
      {
        "taxId": "415514PR6RC14F9231736E",
        "amount": {
          "amount": "8.24",
          "currency": "USD"
        }
      }
    ]
  },
  "totalPayable": {
    "amount": "67.24",
    "currency": "USD"
  },
  "expiration": "2025-09-05T04:33:13-07:00",
  "applicableGiftVoucherCredit": {
    "amount": "25",
    "currency": "USD"
  }
}
[2025-09-05T11:30:28+00:00] DELETE hold VRTxStqme8mleptF_49064445 for game 41551F9C679173BC114D28 -> HTTP 204, resp: 
[2025-09-05T11:30:29+00:00] REQUEST for game 41551F9C679173BC114D28:
{
    "eventId": "41551F9C679173BC114D28_41551A99J6J18496AE864A_2025-09-05",
    "customer": {
        "firstName": "Test",
        "lastName": "User",
        "emailAddress": "test@example.com",
        "phoneNumbers": [
            {
                "number": "1234567890",
                "type": "mobile"
            }
        ]
    },
    "participants": {
        "numbers": [
            {
                "peopleCategoryId": "Cadults",
                "number": 2
            }
        ]
    },
    "productId": "41551F9C679173BC114D28",
    "giftVoucherCodeInput": "JWWFPAC"
}

HTTP CODE: 201
RESPONSE:
{
  "id": "jYlDBwV7F0r4uQUk_49064448",
  "price": {
    "totalGross": {
      "amount": "92.24",
      "currency": "USD"
    },
    "totalNet": {
      "amount": "80",
      "currency": "USD"
    },
    "totalTaxes": {
      "amount": "12.24",
      "currency": "USD"
    },
    "totalPaid": {
      "amount": "0",
      "currency": "USD"
    },
    "taxes": [
      {
        "taxId": "41551F4AA9416930C3600E",
        "amount": {
          "amount": "4",
          "currency": "USD"
        }
      },
      {
        "taxId": "415514PR6RC14F9231736E",
        "amount": {
          "amount": "8.24",
          "currency": "USD"
        }
      }
    ]
  },
  "totalPayable": {
    "amount": "67.24",
    "currency": "USD"
  },
  "expiration": "2025-09-05T04:35:29-07:00",
  "applicableGiftVoucherCredit": {
    "amount": "25",
    "currency": "USD"
  }
}
[2025-09-05T11:37:58+00:00] DELETE hold LJEGRk7vsgY3RO25_49064468 for game 41551XJM6F314F91E1CD68 -> HTTP 204, resp: 
[2025-09-05T11:38:00+00:00] REQUEST for game 41551XJM6F314F91E1CD68:
{
    "eventId": "41551XJM6F314F91E1CD68_41590E6LA3W195928BA13A_2025-09-05",
    "customer": {
        "firstName": "Test",
        "lastName": "User",
        "emailAddress": "test@example.com",
        "phoneNumbers": [
            {
                "number": "1234567890",
                "type": "mobile"
            }
        ]
    },
    "participants": {
        "numbers": [
            {
                "peopleCategoryId": "Cadults",
                "number": 2
            }
        ]
    },
    "productId": "41551XJM6F314F91E1CD68",
    "giftVoucherCodeInput": "JWWFPAC"
}

HTTP CODE: 201
RESPONSE:
{
  "id": "V84jnkOO3NVU73PD_49064469",
  "price": {
    "totalGross": {
      "amount": "103.77",
      "currency": "USD"
    },
    "totalNet": {
      "amount": "90",
      "currency": "USD"
    },
    "totalTaxes": {
      "amount": "13.77",
      "currency": "USD"
    },
    "totalPaid": {
      "amount": "0",
      "currency": "USD"
    },
    "taxes": [
      {
        "taxId": "41551F4AA9416930C3600E",
        "amount": {
          "amount": "4.50",
          "currency": "USD"
        }
      },
      {
        "taxId": "415514PR6RC14F9231736E",
        "amount": {
          "amount": "9.27",
          "currency": "USD"
        }
      }
    ]
  },
  "totalPayable": {
    "amount": "78.77",
    "currency": "USD"
  },
  "expiration": "2025-09-05T04:42:59-07:00",
  "applicableGiftVoucherCredit": {
    "amount": "25",
    "currency": "USD"
  }
}
[2025-09-05T11:38:09+00:00] DELETE hold V84jnkOO3NVU73PD_49064469 for game 41551XJM6F314F91E1CD68 -> HTTP 204, resp: 
[2025-09-05T11:38:10+00:00] REQUEST for game 41551XJM6F314F91E1CD68:
{
    "eventId": "41551XJM6F314F91E1CD68_41590E6LA3W195928BA13A_2025-09-05",
    "customer": {
        "firstName": "Test",
        "lastName": "User",
        "emailAddress": "test@example.com",
        "phoneNumbers": [
            {
                "number": "1234567890",
                "type": "mobile"
            }
        ]
    },
    "participants": {
        "numbers": [
            {
                "peopleCategoryId": "Cadults",
                "number": 2
            }
        ]
    },
    "productId": "41551XJM6F314F91E1CD68",
    "giftVoucherCodeInput": "JWWFPAC"
}

HTTP CODE: 201
RESPONSE:
{
  "id": "kJYOCqE56JOrMeyN_49064470",
  "price": {
    "totalGross": {
      "amount": "103.77",
      "currency": "USD"
    },
    "totalNet": {
      "amount": "90",
      "currency": "USD"
    },
    "totalTaxes": {
      "amount": "13.77",
      "currency": "USD"
    },
    "totalPaid": {
      "amount": "0",
      "currency": "USD"
    },
    "taxes": [
      {
        "taxId": "41551F4AA9416930C3600E",
        "amount": {
          "amount": "4.50",
          "currency": "USD"
        }
      },
      {
        "taxId": "415514PR6RC14F9231736E",
        "amount": {
          "amount": "9.27",
          "currency": "USD"
        }
      }
    ]
  },
  "totalPayable": {
    "amount": "78.77",
    "currency": "USD"
  },
  "expiration": "2025-09-05T04:43:10-07:00",
  "applicableGiftVoucherCredit": {
    "amount": "25",
    "currency": "USD"
  }
}
[2025-09-05T11:51:25+00:00] DELETE hold JLTKgKtTRHAWdpKx_49064502 for game 41551PFXF3K14F91D8FABB -> HTTP 204, resp: 
[2025-09-05T11:51:26+00:00] REQUEST for game 41551PFXF3K14F91D8FABB:
{
    "eventId": "41551PFXF3K14F91D8FABB_41590RKWUJM19592B9D085_2025-09-05",
    "customer": {
        "firstName": "Test",
        "lastName": "User",
        "emailAddress": "test@example.com",
        "phoneNumbers": [
            {
                "number": "1234567890",
                "type": "mobile"
            }
        ]
    },
    "participants": {
        "numbers": [
            {
                "peopleCategoryId": "Cadults",
                "number": 2
            }
        ]
    },
    "productId": "41551PFXF3K14F91D8FABB",
    "giftVoucherCodeInput": "JWWFPAC"
}

HTTP CODE: 201
RESPONSE:
{
  "id": "yQJLL8b8IRJAHdFp_49064503",
  "price": {
    "totalGross": {
      "amount": "103.77",
      "currency": "USD"
    },
    "totalNet": {
      "amount": "90",
      "currency": "USD"
    },
    "totalTaxes": {
      "amount": "13.77",
      "currency": "USD"
    },
    "totalPaid": {
      "amount": "0",
      "currency": "USD"
    },
    "taxes": [
      {
        "taxId": "41551F4AA9416930C3600E",
        "amount": {
          "amount": "4.50",
          "currency": "USD"
        }
      },
      {
        "taxId": "415514PR6RC14F9231736E",
        "amount": {
          "amount": "9.27",
          "currency": "USD"
        }
      }
    ]
  },
  "totalPayable": {
    "amount": "78.77",
    "currency": "USD"
  },
  "expiration": "2025-09-05T04:56:26-07:00",
  "applicableGiftVoucherCredit": {
    "amount": "25",
    "currency": "USD"
  }
}
[2025-09-05T12:09:34+00:00] DELETE hold xuSUmqEXaROohEgN_49065211 for game 41551F9C679173BC114D28 -> HTTP 204, resp: 
[2025-09-05T12:09:35+00:00] REQUEST for game 41551F9C679173BC114D28:
{
    "eventId": "41551F9C679173BC114D28_41551A99J6J18496AE864A_2025-09-05",
    "customer": {
        "firstName": "Test",
        "lastName": "User",
        "emailAddress": "test@example.com",
        "phoneNumbers": [
            {
                "number": "1234567890",
                "type": "mobile"
            }
        ]
    },
    "participants": {
        "numbers": [
            {
                "peopleCategoryId": "Cadults",
                "number": 2
            }
        ]
    },
    "productId": "41551F9C679173BC114D28",
    "promotionCodeInput": "BMSM_10",
    "giftVoucherCodeInput": "JWWFPAC"
}

HTTP CODE: 201
RESPONSE:
{
  "id": "luXaIIuX1Luj0flP_49065213",
  "price": {
    "totalGross": {
      "amount": "83.02",
      "currency": "USD"
    },
    "totalNet": {
      "amount": "72",
      "currency": "USD"
    },
    "totalTaxes": {
      "amount": "11.02",
      "currency": "USD"
    },
    "totalPaid": {
      "amount": "0",
      "currency": "USD"
    },
    "taxes": [
      {
        "taxId": "41551F4AA9416930C3600E",
        "amount": {
          "amount": "3.60",
          "currency": "USD"
        }
      },
      {
        "taxId": "415514PR6RC14F9231736E",
        "amount": {
          "amount": "7.42",
          "currency": "USD"
        }
      }
    ]
  },
  "totalPayable": {
    "amount": "58.02",
    "currency": "USD"
  },
  "expiration": "2025-09-05T05:14:35-07:00",
  "applicableGiftVoucherCredit": {
    "amount": "25",
    "currency": "USD"
  },
  "promotionApplicable": true,
  "appliedPromotionDiscount": {
    "amount": "9.22",
    "currency": "USD"
  }
}
[2025-09-05T12:09:36+00:00] DELETE hold BY0w2VCtROVIM3Cp_49065212 for game 41551PFXF3K14F91D8FABB -> HTTP 204, resp: 
[2025-09-05T12:09:38+00:00] REQUEST for game 41551PFXF3K14F91D8FABB:
{
    "eventId": "41551PFXF3K14F91D8FABB_41590P7LXRM19592B9D085_2025-09-05",
    "customer": {
        "firstName": "Test",
        "lastName": "User",
        "emailAddress": "test@example.com",
        "phoneNumbers": [
            {
                "number": "1234567890",
                "type": "mobile"
            }
        ]
    },
    "participants": {
        "numbers": [
            {
                "peopleCategoryId": "Cadults",
                "number": 2
            }
        ]
    },
    "productId": "41551PFXF3K14F91D8FABB",
    "promotionCodeInput": "BMSM_10",
    "giftVoucherCodeInput": "JWWFPAC"
}

HTTP CODE: 201
RESPONSE:
{
  "id": "4fSUdO4ihmmXE7Hq_49065214",
  "price": {
    "totalGross": {
      "amount": "93.39",
      "currency": "USD"
    },
    "totalNet": {
      "amount": "81",
      "currency": "USD"
    },
    "totalTaxes": {
      "amount": "12.39",
      "currency": "USD"
    },
    "totalPaid": {
      "amount": "0",
      "currency": "USD"
    },
    "taxes": [
      {
        "taxId": "41551F4AA9416930C3600E",
        "amount": {
          "amount": "4.05",
          "currency": "USD"
        }
      },
      {
        "taxId": "415514PR6RC14F9231736E",
        "amount": {
          "amount": "8.34",
          "currency": "USD"
        }
      }
    ]
  },
  "totalPayable": {
    "amount": "68.39",
    "currency": "USD"
  },
  "expiration": "2025-09-05T05:14:37-07:00",
  "applicableGiftVoucherCredit": {
    "amount": "25",
    "currency": "USD"
  },
  "promotionApplicable": true,
  "appliedPromotionDiscount": {
    "amount": "10.38",
    "currency": "USD"
  }
}
[2025-09-05T12:28:33+00:00] DELETE hold JjS3jN1OY7IoX2GX_49065900 for game 41551F9C679173BC114D28 -> HTTP 204, resp: 
[2025-09-05T12:28:34+00:00] REQUEST for game 41551F9C679173BC114D28:
{
    "eventId": "41551F9C679173BC114D28_415513AA9LW18496AE864A_2025-09-05",
    "customer": {
        "firstName": "Test",
        "lastName": "User",
        "emailAddress": "test@example.com",
        "phoneNumbers": [
            {
                "number": "1234567890",
                "type": "mobile"
            }
        ]
    },
    "participants": {
        "numbers": [
            {
                "peopleCategoryId": "Cadults",
                "number": 2
            }
        ]
    },
    "productId": "41551F9C679173BC114D28",
    "promotionCodeInput": "BMSM_10",
    "giftVoucherCodeInput": "JWWFPAC"
}

HTTP CODE: 201
RESPONSE:
{
  "id": "ktvxtQgfjXOtYLvH_49065902",
  "price": {
    "totalGross": {
      "amount": "83.02",
      "currency": "USD"
    },
    "totalNet": {
      "amount": "72",
      "currency": "USD"
    },
    "totalTaxes": {
      "amount": "11.02",
      "currency": "USD"
    },
    "totalPaid": {
      "amount": "0",
      "currency": "USD"
    },
    "taxes": [
      {
        "taxId": "41551F4AA9416930C3600E",
        "amount": {
          "amount": "3.60",
          "currency": "USD"
        }
      },
      {
        "taxId": "415514PR6RC14F9231736E",
        "amount": {
          "amount": "7.42",
          "currency": "USD"
        }
      }
    ]
  },
  "totalPayable": {
    "amount": "58.02",
    "currency": "USD"
  },
  "expiration": "2025-09-05T05:33:33-07:00",
  "applicableGiftVoucherCredit": {
    "amount": "25",
    "currency": "USD"
  },
  "promotionApplicable": true,
  "appliedPromotionDiscount": {
    "amount": "9.22",
    "currency": "USD"
  }
}
[2025-09-05T12:28:35+00:00] DELETE hold MO3f3whmMgUOLx4e_49065901 for game 41551PFXF3K14F91D8FABB -> HTTP 204, resp: 
[2025-09-05T12:28:36+00:00] REQUEST for game 41551PFXF3K14F91D8FABB:
{
    "eventId": "41551PFXF3K14F91D8FABB_41590P7LXRM19592B9D085_2025-09-05",
    "customer": {
        "firstName": "Test",
        "lastName": "User",
        "emailAddress": "test@example.com",
        "phoneNumbers": [
            {
                "number": "1234567890",
                "type": "mobile"
            }
        ]
    },
    "participants": {
        "numbers": [
            {
                "peopleCategoryId": "Cadults",
                "number": 2
            }
        ]
    },
    "productId": "41551PFXF3K14F91D8FABB",
    "promotionCodeInput": "BMSM_10",
    "giftVoucherCodeInput": "JWWFPAC"
}

HTTP CODE: 201
RESPONSE:
{
  "id": "8InwjB6lFjC0BNQU_49065903",
  "price": {
    "totalGross": {
      "amount": "93.39",
      "currency": "USD"
    },
    "totalNet": {
      "amount": "81",
      "currency": "USD"
    },
    "totalTaxes": {
      "amount": "12.39",
      "currency": "USD"
    },
    "totalPaid": {
      "amount": "0",
      "currency": "USD"
    },
    "taxes": [
      {
        "taxId": "41551F4AA9416930C3600E",
        "amount": {
          "amount": "4.05",
          "currency": "USD"
        }
      },
      {
        "taxId": "415514PR6RC14F9231736E",
        "amount": {
          "amount": "8.34",
          "currency": "USD"
        }
      }
    ]
  },
  "totalPayable": {
    "amount": "68.39",
    "currency": "USD"
  },
  "expiration": "2025-09-05T05:33:35-07:00",
  "applicableGiftVoucherCredit": {
    "amount": "25",
    "currency": "USD"
  },
  "promotionApplicable": true,
  "appliedPromotionDiscount": {
    "amount": "10.38",
    "currency": "USD"
  }
}
[2025-09-06T04:48:33+00:00] DELETE hold r5Ey1HFvoAQuE36U_49086497 for game 41551PFXF3K14F91D8FABB -> HTTP 204, resp: 
[2025-09-06T04:48:35+00:00] REQUEST for game 41551PFXF3K14F91D8FABB:
{
    "eventId": "41551PFXF3K14F91D8FABB_41590ATKJTC19592B9D085_2025-09-10",
    "customer": {
        "firstName": "Test",
        "lastName": "User",
        "emailAddress": "test@example.com",
        "phoneNumbers": [
            {
                "number": "1234567890",
                "type": "mobile"
            }
        ]
    },
    "participants": {
        "numbers": [
            {
                "peopleCategoryId": "Cadults",
                "number": 4
            }
        ]
    },
    "productId": "41551PFXF3K14F91D8FABB",
    "promotionCodeInput": "BMSM_10",
    "giftVoucherCodeInput": "JWWFPAC"
}

HTTP CODE: 201
RESPONSE:
{
  "id": "cCPxU8RgH7q6py6L_49086500",
  "price": {
    "totalGross": {
      "amount": "166.03",
      "currency": "USD"
    },
    "totalNet": {
      "amount": "144",
      "currency": "USD"
    },
    "totalTaxes": {
      "amount": "22.03",
      "currency": "USD"
    },
    "totalPaid": {
      "amount": "0",
      "currency": "USD"
    },
    "taxes": [
      {
        "taxId": "41551F4AA9416930C3600E",
        "amount": {
          "amount": "7.20",
          "currency": "USD"
        }
      },
      {
        "taxId": "415514PR6RC14F9231736E",
        "amount": {
          "amount": "14.83",
          "currency": "USD"
        }
      }
    ]
  },
  "totalPayable": {
    "amount": "141.03",
    "currency": "USD"
  },
  "expiration": "2025-09-05T21:53:35-07:00",
  "applicableGiftVoucherCredit": {
    "amount": "25",
    "currency": "USD"
  },
  "promotionApplicable": true,
  "appliedPromotionDiscount": {
    "amount": "18.45",
    "currency": "USD"
  }
}
[2025-09-06T04:48:36+00:00] DELETE hold CNAMvdUDyi73tsKe_49086498 for game 41551HE99XR14F91DF96B0 -> HTTP 204, resp: 
[2025-09-06T04:48:41+00:00] REQUEST for game 41551HE99XR14F91DF96B0:
{
    "eventId": "41551HE99XR14F91DF96B0_415909K4XYY1950102C5EC_2025-09-10",
    "customer": {
        "firstName": "Test",
        "lastName": "User",
        "emailAddress": "test@example.com",
        "phoneNumbers": [
            {
                "number": "1234567890",
                "type": "mobile"
            }
        ]
    },
    "participants": {
        "numbers": [
            {
                "peopleCategoryId": "Cadults",
                "number": 4
            }
        ]
    },
    "productId": "41551HE99XR14F91DF96B0",
    "promotionCodeInput": "BMSM_10",
    "giftVoucherCodeInput": "JWWFPAC"
}

HTTP CODE: 201
RESPONSE:
{
  "id": "PDvneOyxGej7vnyW_49086501",
  "price": {
    "totalGross": {
      "amount": "166.03",
      "currency": "USD"
    },
    "totalNet": {
      "amount": "144",
      "currency": "USD"
    },
    "totalTaxes": {
      "amount": "22.03",
      "currency": "USD"
    },
    "totalPaid": {
      "amount": "0",
      "currency": "USD"
    },
    "taxes": [
      {
        "taxId": "41551F4AA9416930C3600E",
        "amount": {
          "amount": "7.20",
          "currency": "USD"
        }
      },
      {
        "taxId": "415514PR6RC14F9231736E",
        "amount": {
          "amount": "14.83",
          "currency": "USD"
        }
      }
    ]
  },
  "totalPayable": {
    "amount": "141.03",
    "currency": "USD"
  },
  "expiration": "2025-09-05T21:53:41-07:00",
  "applicableGiftVoucherCredit": {
    "amount": "25",
    "currency": "USD"
  },
  "promotionApplicable": true,
  "appliedPromotionDiscount": {
    "amount": "18.45",
    "currency": "USD"
  }
}
