[2025-12-08 13:07:20] Session ID: e3ea55oap97jkrlsinti08r2g9 | Starting booking process
[2025-12-08 13:11:09] Session ID: e3ea55oap97jkrlsinti08r2g9 | Starting booking process
[2025-12-08 13:11:10] ERROR: dasdasda: Invalid coupon code
[2025-12-08 13:15:56] Session ID: e3ea55oap97jkrlsinti08r2g9 | Starting booking process
[2025-12-08 13:15:57] ERROR: fsdfsdf: Invalid coupon code
[2025-12-08 13:16:15] Session ID: e3ea55oap97jkrlsinti08r2g9 | Starting booking process
[2025-12-09 04:45:33] Session ID: voule0730c57hfsq5vskgvt3k5 | Starting booking process
[2025-12-09 04:49:34] Session ID: voule0730c57hfsq5vskgvt3k5 | Starting booking process
[2025-12-09 04:53:42] Session ID: voule0730c57hfsq5vskgvt3k5 | Starting booking process
[2025-12-09 05:00:06] Session ID: 3cjndkmocn1emrvkg9pthubq39 | Starting booking process
[2025-12-09 05:05:41] Session ID: tqnnevb8epvcu2b6v1j8mmd9hm | Starting booking process
[2025-12-09 05:18:55] Session ID: 52g7hgc4daeockqmu86ohh2152 | Starting booking process
[2025-12-09 05:25:49] Session ID: brm2v872gavb1445deckalhj11 | Starting booking process
[2025-12-09 05:30:12] Session ID: em2p09amlumjudqs38kcoa68ju | Starting booking process
[2025-12-09 07:03:14] Session ID: t5q230clh6kj2v6kd2ec7sac2a | Starting booking process
[2025-12-09 07:03:15] ERROR: There are no more seats available in this game
[2025-12-09 07:03:25] Session ID: t5q230clh6kj2v6kd2ec7sac2a | Starting booking process
[2025-12-09 07:03:26] ERROR: There are no more seats available in this game
[2025-12-09 07:51:50] Session ID: 8td400gkin3eve71n8pg1bfg1k | Starting booking process
[2025-12-09 07:51:51] ERROR: DHWANS10: Invalid coupon code
[2025-12-09 07:52:28] Session ID: 8td400gkin3eve71n8pg1bfg1k | Starting booking process
[2025-12-09 07:52:30] ERROR: dhwans10: Invalid coupon code
[2025-12-09 07:52:53] Session ID: 8td400gkin3eve71n8pg1bfg1k | Starting booking process
[2025-12-09 08:42:49] Session ID: i6tl27d13kflctd9ksabe5un4h | Starting booking process
[2025-12-09 08:56:50] Session ID: i6tl27d13kflctd9ksabe5un4h | Starting booking process
[2025-12-09 08:56:52] ERROR: There are no more seats available in this game
[2025-12-09 09:01:28] Session ID: i6tl27d13kflctd9ksabe5un4h | Starting booking process
[2025-12-09 09:01:30] ERROR: There are no more seats available in this game
[2025-12-09 09:03:12] Session ID: 3cjndkmocn1emrvkg9pthubq39 | Starting booking process
[2025-12-09 09:21:38] Session ID: 3cjndkmocn1emrvkg9pthubq39 | Starting booking process
[2025-12-09 09:31:39] Session ID: 3cjndkmocn1emrvkg9pthubq39 | Starting booking process
[2025-12-09 09:56:03] Session ID: t5q230clh6kj2v6kd2ec7sac2a | Starting booking process
[2025-12-09 10:19:24] Session ID: 3cjndkmocn1emrvkg9pthubq39 | Starting booking process
[2025-12-09 10:25:25] Session ID: 3cjndkmocn1emrvkg9pthubq39 | Starting booking process
[2025-12-09 10:27:28] Session ID: 3cjndkmocn1emrvkg9pthubq39 | Starting booking process
[2025-12-09 10:28:26] Session ID: t5q230clh6kj2v6kd2ec7sac2a | Starting booking process
[2025-12-09 10:30:42] Session ID: t5q230clh6kj2v6kd2ec7sac2a | Starting booking process
[2025-12-09 10:30:43] ERROR: There are no more seats available in this game
[2025-12-09 10:32:53] Session ID: 651n9u0s67p1rb231opl48rgeu | Starting booking process
[2025-12-09 10:34:58] Session ID: npb31ca6m6a8dftnpeeio8qnv6 | Starting booking process
[2025-12-09 10:36:51] Session ID: 3cjndkmocn1emrvkg9pthubq39 | Starting booking process
[2025-12-09 10:39:24] Session ID: ss4jaiu6oqp2k064530v60bcda | Starting booking process
[2025-12-09 11:06:42] Session ID: 3cjndkmocn1emrvkg9pthubq39 | Starting booking process
[2025-12-09 11:47:59] Session ID: t5q230clh6kj2v6kd2ec7sac2a | Starting booking process
[2025-12-09 11:48:00] ERROR: There are no more seats available in this game
[2025-12-09 11:48:04] Session ID: t5q230clh6kj2v6kd2ec7sac2a | Starting booking process
[2025-12-09 11:48:05] ERROR: There are no more seats available in this game
[2025-12-09 11:48:15] Session ID: t5q230clh6kj2v6kd2ec7sac2a | Starting booking process
[2025-12-09 11:48:17] ERROR: sff: Invalid coupon code
[2025-12-09 11:49:01] Session ID: t5q230clh6kj2v6kd2ec7sac2a | Starting booking process
[2025-12-09 11:49:03] ERROR: BMSM_10: Invalid coupon code
[2025-12-10 06:18:23] Session ID: tj4iut15pbukqucpfr2bi9pgib | Starting booking process
[2025-12-10 06:42:44] Session ID: tj4iut15pbukqucpfr2bi9pgib | Starting booking process
[2025-12-10 06:42:46] ERROR: RJR3474: Invalid coupon code
[2025-12-10 06:42:55] Session ID: tj4iut15pbukqucpfr2bi9pgib | Starting booking process
[2025-12-10 06:42:55] ERROR: There are no more seats available in this game
[2025-12-10 06:43:59] Session ID: tj4iut15pbukqucpfr2bi9pgib | Starting booking process
[2025-12-10 06:44:00] ERROR: There are no more seats available in this game
[2025-12-10 06:44:18] Session ID: tj4iut15pbukqucpfr2bi9pgib | Starting booking process
[2025-12-10 06:44:19] ERROR: There are no more seats available in this game
[2025-12-10 13:00:09] Session ID: bnaie7qe70kvkgc9i30gffaemc | Starting booking process
[2025-12-10 13:12:00] Session ID: 0aqj0mo2rsj7mvn8o19v6csdj6 | Starting booking process
[2025-12-10 13:12:02] ERROR: BMSM_10: Invalid coupon code
[2025-12-10 13:18:45] Session ID: ujkmeke352etjs93iru42o2ngg | Starting booking process
[2025-12-10 13:18:47] ERROR: BMSM_20: Invalid coupon code
[2025-12-10 13:19:55] Session ID: ujkmeke352etjs93iru42o2ngg | Starting booking process
[2025-12-10 13:19:56] ERROR: BMSM_10: Invalid coupon code
[2025-12-10 13:23:23] Session ID: re7cks9fb0l49c1u1tt2alq7qb | Starting booking process
[2025-12-11 05:02:38] Session ID: 03j7bmk0d4pvubm7hlokb7v5fj | Starting booking process
[2025-12-11 05:29:30] Session ID: ooam9ah9m84jltk989odtuk2gm | Starting booking process
[2025-12-11 06:07:26] Session ID: h1l766figfkt9n71irtlcalcv2 | Starting booking process
[2025-12-11 09:25:13] Session ID: 806egenbqa19rfv7k9vjan89ro | Starting booking process
[2025-12-11 09:45:59] Session ID: 8urvjs7bdh39g24n62cd1kfjej | Starting booking process
[2025-12-11 10:20:21] Session ID: b1s375m5pafhso7icskd9sm990 | Starting booking process
[2025-12-11 10:31:15] Session ID: tkam143qpaq6jiiuquinn32oh0 | Starting booking process
[2025-12-11 11:27:40] Session ID: d43thfe8lrc9idu4itafdl1o7g | Starting booking process
[2025-12-11 11:36:19] Session ID: egt20ln4n8u99c3556o0j9perp | Starting booking process
[2025-12-11 12:12:09] Session ID: jibmripk8qffr5mi251hbd117p | Starting booking process
[2025-12-11 12:42:11] Session ID: jibmripk8qffr5mi251hbd117p | Starting booking process
[2025-12-11 12:42:13] ERROR: 4LMLR7M: Invalid coupon code
[2025-12-11 12:42:28] Session ID: jibmripk8qffr5mi251hbd117p | Starting booking process
[2025-12-11 12:42:30] ERROR: 4LMLR7M: Invalid coupon code
[2025-12-11 12:50:43] Session ID: 4ji2h90f693dqgol0v4j4iq625 | Starting booking process
[2025-12-11 13:02:48] Session ID: 5jak8guc45vk04l8nnggg2km23 | Starting booking process
[2025-12-12 05:17:45] Session ID: cp2kv0jm8or66mqvv75vfr745m | Starting booking process
[2025-12-12 05:51:30] Session ID: cp2kv0jm8or66mqvv75vfr745m | Starting booking process
[2025-12-12 07:30:01] Session ID: cp2kv0jm8or66mqvv75vfr745m | Starting booking process
[2025-12-13 10:05:55] Session ID: psfguivc8ubn6supvku8noohl7 | Starting booking process
[2025-12-13 10:05:57] ERROR: BMSM_20: Invalid coupon code
[2025-12-15 05:22:51] Session ID: vhl72fshf7qoven939pgl18d4m | Starting booking process
[2025-12-15 09:11:15] Session ID: mp7quqsd6qit8f5961ft7jq966 | Starting booking process
[2025-12-15 10:13:59] Session ID: mp7quqsd6qit8f5961ft7jq966 | Starting booking process
[2025-12-15 12:15:36] Session ID: 2jm2dree6cvsvut73ihstjhr0a | Starting booking process
[2025-12-15 12:15:37] ERROR: Unkown option name for this product: 25% OFF VR GAME ADD ON - BUNDLE AND SAVE
[2025-12-15 12:15:48] Session ID: 2jm2dree6cvsvut73ihstjhr0a | Starting booking process
[2025-12-15 12:15:49] ERROR: Unkown option name for this product: 25% OFF VR GAME ADD ON - BUNDLE AND SAVE
[2025-12-15 12:17:43] Session ID: 2jm2dree6cvsvut73ihstjhr0a | Starting booking process
[2025-12-15 12:17:43] ERROR: Unkown option name for this product: 25% OFF VR GAME ADD ON - BUNDLE AND SAVE
[2025-12-15 12:18:28] Session ID: 2jm2dree6cvsvut73ihstjhr0a | Starting booking process
[2025-12-15 12:18:29] ERROR: Unkown option name for this product: 25% OFF VR GAME ADD ON - BUNDLE AND SAVE
[2025-12-15 12:26:18] Session ID: 2jm2dree6cvsvut73ihstjhr0a | Starting booking process
[2025-12-15 12:26:19] ERROR: Unkown option name for this product: 25% OFF VR GAME ADD ON - BUNDLE AND SAVE
[2025-12-15 12:58:35] Session ID: li1rrk0jmt7f6dv3u3cehuqce6 | Starting booking process
[2025-12-15 12:58:37] ERROR: FM9EFRX: Invalid coupon code
[2025-12-15 13:00:12] Session ID: li1rrk0jmt7f6dv3u3cehuqce6 | Starting booking process
[2025-12-15 13:00:13] ERROR: FM9EFRX: Invalid coupon code
[2025-12-15 13:00:34] Session ID: li1rrk0jmt7f6dv3u3cehuqce6 | Starting booking process
[2025-12-15 13:00:36] ERROR: FM9EFRX: Invalid coupon code
[2025-12-15 13:02:26] Session ID: li1rrk0jmt7f6dv3u3cehuqce6 | Starting booking process
[2025-12-15 13:02:27] ERROR: FM9EFRX: Invalid coupon code
[2025-12-15 13:02:34] Session ID: li1rrk0jmt7f6dv3u3cehuqce6 | Starting booking process
[2025-12-15 13:02:35] ERROR: FM9EFRX: Invalid coupon code
[2025-12-15 13:10:55] Session ID: li1rrk0jmt7f6dv3u3cehuqce6 | Starting booking process
[2025-12-15 13:10:56] ERROR: FM9EFRX: Invalid coupon code
[2025-12-15 13:11:40] Session ID: li1rrk0jmt7f6dv3u3cehuqce6 | Starting booking process
[2025-12-15 13:11:42] ERROR: BMSM_10: Invalid coupon code
[2025-12-15 13:21:01] Session ID: li1rrk0jmt7f6dv3u3cehuqce6 | Starting booking process
[2025-12-16 11:57:22] Session ID: 0eaf8690a8fedc4a881fc3bee2a34d15 | Starting booking process
[2025-12-16 11:57:22] ERROR: There are no more seats available in this game
[2025-12-16 11:58:08] Session ID: 0eaf8690a8fedc4a881fc3bee2a34d15 | Starting booking process
[2025-12-16 11:58:10] ERROR: R9M99JT: Invalid coupon code
[2025-12-18 06:45:14] Session ID: 899545f791867033a623469f9e833aa4 | Starting booking process
[2025-12-18 06:45:15] ERROR: BMSM_10: Invalid coupon code
[2025-12-18 06:45:40] Session ID: 899545f791867033a623469f9e833aa4 | Starting booking process
[2025-12-18 06:45:42] ERROR: BMSM_10: Invalid coupon code
[2025-12-18 07:10:21] Session ID: 899545f791867033a623469f9e833aa4 | Starting booking process
[2025-12-18 13:53:43] Session ID: ebf6c86c32b2066c2e0cfa7781d8b9c6 | Starting booking process
[2025-12-19 09:06:51] Session ID: f95da81403579c7bf35c4a58ede9e978 | Starting booking process
[2025-12-19 09:11:05] Session ID: f95da81403579c7bf35c4a58ede9e978 | Starting booking process
[2025-12-19 09:11:07] ERROR: 33XFAMX: Invalid coupon code
[2025-12-19 13:26:10] Session ID: f95da81403579c7bf35c4a58ede9e978 | Starting booking process
[2025-12-19 13:26:11] ERROR: BMSM_10: Invalid coupon code
[2025-12-19 13:26:43] Session ID: f95da81403579c7bf35c4a58ede9e978 | Starting booking process
[2025-12-20 05:33:29] Session ID: 380c16d8a417b7575521156ff0fc1bf7 | Starting booking process
[2025-12-20 06:40:05] Session ID: 380c16d8a417b7575521156ff0fc1bf7 | Starting booking process
[2025-12-22 05:12:46] Session ID: dd3a1fd66441bb23d35ce9673da8a302 | Starting booking process
[2025-12-22 05:12:48] ERROR: BMSM_10: Invalid coupon code
[2025-12-22 05:13:47] Session ID: dd3a1fd66441bb23d35ce9673da8a302 | Starting booking process
[2025-12-22 05:13:48] ERROR: BMSM_10: Invalid coupon code
[2025-12-22 11:58:48] Session ID: c2b38005eed5ea21bb137cc50502ade0 | Starting booking process
[2025-12-22 11:59:44] Session ID: c2b38005eed5ea21bb137cc50502ade0 | Starting booking process
[2025-12-22 11:59:46] ERROR: 44ERYCL: Invalid coupon code
[2025-12-22 12:08:38] Session ID: c2b38005eed5ea21bb137cc50502ade0 | Starting booking process
[2026-02-06 10:38:53] Session ID: fd5b071a76d2c8066ecebee052465547 | Starting booking process
[2026-02-06 10:38:53] ERROR: Invalid value for field "firstName". At least one of firstName, lastName must be provided
[2026-02-06 10:39:03] Session ID: 1b49bcfa606a2a16c8e2a089cb382f2c | Starting booking process
[2026-02-06 10:39:03] ERROR: Invalid value for field "firstName". At least one of firstName, lastName must be provided
[2026-02-06 10:39:21] Session ID: fd5b071a76d2c8066ecebee052465547 | Starting booking process
[2026-02-06 10:39:21] ERROR: Invalid value for field "firstName". At least one of firstName, lastName must be provided
