[2026-02-22 22:14:21] API fetch SUCCESS for 41551HE99XR14F91DF96B0 / 2026-02-23 (4 slots)
[2026-02-22 22:16:08] API fetch SUCCESS for 41551F9C679173BC114D28 / 2026-02-23 (4 slots)
[2026-02-22 22:16:23] API fetch SUCCESS for 41551F9C679173BC114D28 / 2027-01-01 (4 slots)
[2026-02-22 22:19:10] API fetch SUCCESS for 41551F9C679173BC114D28 / 2027-10-21 (0 slots)
[2026-02-22 22:19:47] API fetch SUCCESS for 41551F9C679173BC114D28 / 2027-10-21 (0 slots)
[2026-02-22 22:20:28] API fetch SUCCESS for 41551F9C679173BC114D28 / 2027-10-21 (0 slots)
[2026-02-22 22:21:00] API fetch SUCCESS for 41551F9C679173BC114D28 / 2027-10-21 (0 slots)
[2026-02-22 22:21:51] API fetch SUCCESS for 41551F9C679173BC114D28 / 2027-10-21 (0 slots)
[2026-02-22 22:21:58] API fetch SUCCESS for 41551F9C679173BC114D28 / 2027-10-21 (0 slots)
[2026-02-22 22:22:20] API fetch SUCCESS for 41551HE99XR14F91DF96B0 / 2026-02-23 (4 slots)
[2026-02-22 22:22:53] API fetch SUCCESS for 41551HE99XR14F91DF96B0 / 2027-10-21 (0 slots)
[2026-02-22 22:23:04] API fetch SUCCESS for 41551HE99XR14F91DF96B0 / 2027-10-21 (0 slots)
[2026-02-22 22:29:47] API fetch SUCCESS for 41551HE99XR14F91DF96B0 / 2026-02-23 (4 slots)
[2026-02-22 22:43:24] API fetch SUCCESS for 41551HE99XR14F91DF96B0 / 2026-02-23 (4 slots)
[2026-02-22 22:45:22] API fetch SUCCESS for 41551HE99XR14F91DF96B0 / 2026-04-01 (4 slots)
[2026-02-22 22:45:36] API fetch SUCCESS for 41551HE99XR14F91DF96B0 / 2026-02-23 (4 slots)
[2026-02-22 22:45:50] API fetch SUCCESS for 41551HE99XR14F91DF96B0 / 2026-02-25 (2 slots)
[2026-02-22 22:51:28] API fetch SUCCESS for 41551HE99XR14F91DF96B0 / 2026-02-23 (4 slots)
[2026-02-22 22:56:46] API fetch SUCCESS for 41551HE99XR14F91DF96B0 / 2026-02-23 (4 slots)
[2026-02-22 22:56:57] API fetch SUCCESS for 41551HE99XR14F91DF96B0 / 2026-03-04 (4 slots)
[2026-02-22 22:57:39] API fetch SUCCESS for 41551HE99XR14F91DF96B0 / 2026-03-17 (4 slots)
[2026-02-22 23:02:22] API fetch SUCCESS for 41551HE99XR14F91DF96B0 / 2026-02-23 (4 slots)
[2026-02-22 23:09:25] API fetch SUCCESS for 41551HE99XR14F91DF96B0 / 2026-02-23 (4 slots)
[2026-02-22 23:10:06] API fetch SUCCESS for 41551F9C679173BC114D28 / 2026-02-23 (4 slots)
[2026-02-22 23:11:43] API fetch SUCCESS for 41551HE99XR14F91DF96B0 / 2026-02-23 (4 slots)
[2026-02-22 23:13:45] API fetch SUCCESS for 41551HE99XR14F91DF96B0 / 2026-02-23 (4 slots)
[2026-02-22 23:17:16] API fetch SUCCESS for 41551F9C679173BC114D28 / 2026-02-23 (4 slots)
[2026-02-22 23:17:18] API fetch SUCCESS for 41551HE99XR14F91DF96B0 / 2026-02-23 (4 slots)
[2026-02-22 23:25:10] API fetch SUCCESS for 41551HE99XR14F91DF96B0 / 2026-02-23 (4 slots)
[2026-02-22 23:27:14] API fetch SUCCESS for 41551HE99XR14F91DF96B0 / 2026-02-23 (4 slots)
[2026-02-22 23:27:25] API fetch SUCCESS for 41551F9C679173BC114D28 / 2026-02-23 (4 slots)
[2026-02-22 23:28:42] API fetch SUCCESS for 41551F9C679173BC114D28 / 2054-04-09 (0 slots)
[2026-02-22 23:30:03] API fetch SUCCESS for 41551HE99XR14F91DF96B0 / 2026-02-23 (4 slots)
[2026-02-22 23:33:33] API fetch SUCCESS for 41551HE99XR14F91DF96B0 / 2026-02-23 (4 slots)
[2026-02-23 00:18:45] API fetch SUCCESS for 41551HE99XR14F91DF96B0 / 2026-02-23 (4 slots)
[2026-02-23 00:26:34] API fetch SUCCESS for 41551HE99XR14F91DF96B0 / 2026-02-23 (4 slots)
[2026-02-23 00:42:07] API fetch SUCCESS for 41551HE99XR14F91DF96B0 / 2026-02-23 (4 slots)
[2026-02-23 00:48:10] API fetch SUCCESS for 41551HE99XR14F91DF96B0 / 2026-02-23 (4 slots)
[2026-02-23 00:53:52] API fetch SUCCESS for 41551HE99XR14F91DF96B0 / 2026-02-23 (4 slots)
[2026-02-23 01:03:52] API fetch SUCCESS for 41551HE99XR14F91DF96B0 / 2026-02-23 (4 slots)
[2026-02-23 01:08:41] API fetch SUCCESS for 41551HE99XR14F91DF96B0 / 2026-02-23 (4 slots)
[2026-02-23 01:12:10] API fetch SUCCESS for 41551HE99XR14F91DF96B0 / 2026-02-23 (4 slots)
[2026-02-23 01:14:29] API fetch SUCCESS for 41551HE99XR14F91DF96B0 / 2026-02-23 (4 slots)
[2026-02-23 01:16:27] API fetch SUCCESS for 41551HE99XR14F91DF96B0 / 2026-02-23 (4 slots)
[2026-02-23 01:24:36] API fetch SUCCESS for 41551HE99XR14F91DF96B0 / 2026-02-23 (4 slots)
[2026-02-23 01:38:24] API fetch SUCCESS for 41551HE99XR14F91DF96B0 / 2026-02-23 (4 slots)
[2026-02-23 01:44:32] API fetch SUCCESS for 41551HE99XR14F91DF96B0 / 2026-02-23 (4 slots)
[2026-02-23 01:46:32] API fetch SUCCESS for 41551HE99XR14F91DF96B0 / 2026-02-23 (4 slots)
[2026-02-23 02:02:08] API fetch SUCCESS for 41551HE99XR14F91DF96B0 / 2026-02-23 (4 slots)
[2026-02-23 02:08:53] API fetch SUCCESS for 41551HE99XR14F91DF96B0 / 2026-02-23 (4 slots)
[2026-02-23 02:11:23] API fetch SUCCESS for 41551HE99XR14F91DF96B0 / 2026-02-23 (4 slots)
[2026-02-23 02:17:04] API fetch SUCCESS for 41551HE99XR14F91DF96B0 / 2026-02-23 (4 slots)
[2026-02-23 02:19:53] API fetch SUCCESS for 41551HE99XR14F91DF96B0 / 2026-02-23 (4 slots)
[2026-02-23 02:22:40] API fetch SUCCESS for 41551HE99XR14F91DF96B0 / 2026-02-23 (4 slots)
[2026-02-23 02:25:52] API fetch SUCCESS for 41551HE99XR14F91DF96B0 / 2026-02-23 (4 slots)
[2026-02-23 02:32:48] API fetch SUCCESS for 41551HE99XR14F91DF96B0 / 2026-02-23 (4 slots)
[2026-02-23 02:37:54] API fetch SUCCESS for 41551HE99XR14F91DF96B0 / 2026-02-23 (4 slots)
[2026-02-23 02:38:00] API fetch SUCCESS for 41551HE99XR14F91DF96B0 / 2026-02-26 (4 slots)
[2026-02-23 02:38:11] API fetch SUCCESS for 41551HE99XR14F91DF96B0 / 2027-01-01 (5 slots)
[2026-02-23 02:38:24] API fetch SUCCESS for 41551HE99XR14F91DF96B0 / 2029-01-05 (0 slots)
[2026-02-23 02:43:26] API fetch SUCCESS for 41551HE99XR14F91DF96B0 / 2026-02-23 (4 slots)
[2026-02-23 02:45:38] API fetch SUCCESS for 41551HE99XR14F91DF96B0 / 2026-02-23 (4 slots)
[2026-02-23 02:49:43] API fetch SUCCESS for 41551HE99XR14F91DF96B0 / 2026-02-23 (4 slots)
[2026-02-23 02:53:02] API fetch SUCCESS for 41551HE99XR14F91DF96B0 / 2026-02-23 (4 slots)
[2026-02-23 02:55:55] API fetch SUCCESS for 41551HE99XR14F91DF96B0 / 2026-02-23 (4 slots)
[2026-02-23 03:00:39] API fetch SUCCESS for 41551HE99XR14F91DF96B0 / 2026-02-23 (4 slots)
[2026-02-23 03:03:47] API fetch SUCCESS for 41551HE99XR14F91DF96B0 / 2026-02-23 (4 slots)
[2026-02-23 03:05:54] API fetch SUCCESS for 41551F9C679173BC114D28 / 2026-02-23 (4 slots)
[2026-02-23 03:06:11] API fetch SUCCESS for 41551F9C679173BC114D28 / 2027-01-14 (4 slots)
[2026-02-23 03:06:15] API fetch SUCCESS for 41551F9C679173BC114D28 / 2027-03-23 (0 slots)
[2026-02-23 03:06:29] API fetch SUCCESS for 41551F9C679173BC114D28 / 2027-03-17 (0 slots)
[2026-02-23 03:06:44] API fetch SUCCESS for 41551F9C679173BC114D28 / 2030-03-06 (0 slots)
[2026-02-23 03:07:04] API fetch SUCCESS for 41551F9C679173BC114D28 / 2030-03-20 (0 slots)
[2026-02-23 03:07:14] API fetch SUCCESS for 41551F9C679173BC114D28 / 2030-03-21 (0 slots)
[2026-02-23 03:07:16] API fetch SUCCESS for 41551F9C679173BC114D28 / 2030-03-27 (0 slots)
[2026-02-23 03:07:18] API fetch SUCCESS for 41551F9C679173BC114D28 / 2030-03-13 (0 slots)
[2026-02-23 03:15:36] API fetch SUCCESS for 41551HE99XR14F91DF96B0 / 2026-02-23 (4 slots)
[2026-02-23 03:15:44] API fetch SUCCESS for 41551HE99XR14F91DF96B0 / 2027-02-05 (5 slots)
[2026-02-23 03:15:46] API fetch SUCCESS for 41551HE99XR14F91DF96B0 / 2027-02-12 (5 slots)
[2026-02-23 03:16:29] API fetch SUCCESS for 41551HE99XR14F91DF96B0 / 2026-02-24 (4 slots)
[2026-02-23 03:16:37] API fetch SUCCESS for 41551HE99XR14F91DF96B0 / 2026-06-25 (4 slots)
[2026-02-23 03:16:45] API fetch SUCCESS for 41551HE99XR14F91DF96B0 / 2029-06-01 (0 slots)
[2026-02-23 03:16:49] API fetch SUCCESS for 41551HE99XR14F91DF96B0 / 2029-06-14 (0 slots)
[2026-02-23 03:16:59] API fetch SUCCESS for 41551HE99XR14F91DF96B0 / 2029-09-26 (0 slots)
[2026-02-23 03:17:11] API fetch SUCCESS for 41551HE99XR14F91DF96B0 / 2029-09-26 (0 slots)
[2026-02-23 03:26:08] API fetch SUCCESS for 41551F9C679173BC114D28 / 2026-02-23 (4 slots)
[2026-02-23 03:28:40] API fetch SUCCESS for 41551HE99XR14F91DF96B0 / 2026-02-23 (4 slots)
[2026-02-23 03:31:10] API fetch SUCCESS for 41551HE99XR14F91DF96B0 / 2026-02-23 (4 slots)
[2026-02-23 03:32:58] API fetch SUCCESS for 41551HE99XR14F91DF96B0 / 2026-02-26 (4 slots)
[2026-02-23 03:33:00] API fetch SUCCESS for 41551HE99XR14F91DF96B0 / 2026-02-25 (2 slots)
[2026-02-23 03:33:02] API fetch SUCCESS for 41551HE99XR14F91DF96B0 / 2026-02-27 (5 slots)
[2026-02-23 03:33:09] API fetch SUCCESS for 41551HE99XR14F91DF96B0 / 2026-06-23 (4 slots)
[2026-02-23 03:33:54] API fetch SUCCESS for 41551F9C679173BC114D28 / 2026-02-23 (4 slots)
[2026-02-23 03:39:01] API fetch SUCCESS for 41551HE99XR14F91DF96B0 / 2026-02-23 (4 slots)
[2026-02-23 03:43:52] API fetch SUCCESS for 41551HE99XR14F91DF96B0 / 2026-02-23 (4 slots)
[2026-02-23 03:45:58] API fetch SUCCESS for 41551HE99XR14F91DF96B0 / 2026-02-23 (4 slots)
[2026-02-23 03:48:33] API fetch SUCCESS for 41551HE99XR14F91DF96B0 / 2026-02-23 (4 slots)
[2026-02-23 03:50:58] API fetch SUCCESS for 41551HE99XR14F91DF96B0 / 2026-02-23 (4 slots)
[2026-02-23 03:51:30] API fetch SUCCESS for 41551HE99XR14F91DF96B0 / 2027-02-04 (4 slots)
[2026-02-23 03:55:03] API fetch SUCCESS for 41551HE99XR14F91DF96B0 / 2026-02-23 (4 slots)
[2026-02-23 03:55:19] API fetch SUCCESS for 41551HE99XR14F91DF96B0 / 2026-02-24 (4 slots)
[2026-02-23 03:55:40] API fetch SUCCESS for 41551HE99XR14F91DF96B0 / 2027-02-01 (4 slots)
[2026-02-23 03:55:51] API fetch SUCCESS for 41551HE99XR14F91DF96B0 / 2026-02-26 (4 slots)
[2026-02-23 03:56:03] API fetch SUCCESS for 41551HE99XR14F91DF96B0 / 2026-02-28 (5 slots)
[2026-02-23 03:56:29] API fetch SUCCESS for 41551HE99XR14F91DF96B0 / 2028-02-01 (0 slots)
[2026-02-23 03:56:33] API fetch SUCCESS for 41551HE99XR14F91DF96B0 / 2028-02-04 (0 slots)
[2026-02-23 03:57:32] API fetch SUCCESS for 41551HE99XR14F91DF96B0 / 2028-07-01 (0 slots)
[2026-02-23 03:57:42] API fetch SUCCESS for 41551HE99XR14F91DF96B0 / 2026-04-17 (5 slots)
[2026-02-23 03:58:00] API fetch SUCCESS for 41551HE99XR14F91DF96B0 / 2026-03-10 (4 slots)
[2026-02-23 04:07:26] API fetch SUCCESS for 41551F9C679173BC114D28 / 2026-02-23 (4 slots)
[2026-02-23 04:07:59] API fetch SUCCESS for 41551F9C679173BC114D28 / 2028-02-02 (0 slots)
[2026-02-23 04:08:07] API fetch SUCCESS for 41551F9C679173BC114D28 / 2028-02-02 (0 slots)
[2026-02-23 04:08:17] API fetch SUCCESS for 41551F9C679173BC114D28 / 2028-02-02 (0 slots)
[2026-02-23 04:08:42] API fetch SUCCESS for 41551F9C679173BC114D28 / 2028-02-29 (0 slots)
[2026-02-23 04:09:04] API fetch SUCCESS for 41551F9C679173BC114D28 / 2028-02-01 (0 slots)
[2026-02-23 04:09:07] API fetch SUCCESS for 41551F9C679173BC114D28 / 2028-02-02 (0 slots)
[2026-02-23 04:10:21] API fetch SUCCESS for 41551HE99XR14F91DF96B0 / 2026-02-23 (4 slots)
[2026-02-23 04:11:10] API fetch SUCCESS for 41551HE99XR14F91DF96B0 / 2027-02-03 (4 slots)
[2026-02-23 04:14:56] API fetch SUCCESS for 41551HE99XR14F91DF96B0 / 2026-02-23 (4 slots)
[2026-02-23 04:17:36] API fetch SUCCESS for 41551HE99XR14F91DF96B0 / 2026-02-23 (4 slots)
[2026-02-23 04:17:41] API fetch SUCCESS for 41551F9C679173BC114D28 / 2026-02-23 (4 slots)
[2026-02-23 04:19:29] API fetch SUCCESS for 41551HE99XR14F91DF96B0 / 2026-02-23 (4 slots)
[2026-02-23 04:21:27] API fetch SUCCESS for 41551HE99XR14F91DF96B0 / 2026-02-23 (4 slots)
[2026-02-23 04:23:43] API fetch SUCCESS for 41551HE99XR14F91DF96B0 / 2026-02-23 (4 slots)
[2026-02-23 04:26:28] API fetch SUCCESS for 41551HE99XR14F91DF96B0 / 2026-02-23 (4 slots)
[2026-02-23 04:28:26] API fetch SUCCESS for 41551HE99XR14F91DF96B0 / 2026-02-24 (4 slots)
[2026-02-23 04:28:40] API fetch SUCCESS for 41551HE99XR14F91DF96B0 / 2026-02-23 (4 slots)
[2026-02-23 04:30:33] API fetch SUCCESS for 41551HE99XR14F91DF96B0 / 2026-03-04 (4 slots)
[2026-02-23 04:31:44] API fetch SUCCESS for 41551HE99XR14F91DF96B0 / 2026-02-23 (4 slots)
[2026-02-23 04:32:11] API fetch SUCCESS for 41551HE99XR14F91DF96B0 / 2026-02-25 (2 slots)
[2026-02-23 04:36:35] API fetch SUCCESS for 41551HE99XR14F91DF96B0 / 2026-09-26 (5 slots)
[2026-02-23 04:38:43] API fetch SUCCESS for 41551HE99XR14F91DF96B0 / 2026-02-23 (4 slots)
[2026-02-23 04:45:29] API fetch SUCCESS for 41551F9C679173BC114D28 / 2026-02-23 (4 slots)
[2026-02-23 04:45:39] API fetch SUCCESS for 41551F9C679173BC114D28 / 2026-02-24 (4 slots)
[2026-02-23 04:45:51] API fetch SUCCESS for 41551F9C679173BC114D28 / 2027-01-27 (4 slots)
[2026-02-23 04:46:07] API fetch SUCCESS for 41551F9C679173BC114D28 / 2027-06-03 (0 slots)
[2026-02-23 04:46:22] API fetch SUCCESS for 41551F9C679173BC114D28 / 2027-06-01 (0 slots)
[2026-02-23 04:46:28] API fetch SUCCESS for 41551F9C679173BC114D28 / 2027-06-01 (0 slots)
[2026-02-23 04:47:19] API fetch SUCCESS for 41551F9C679173BC114D28 / 2027-06-01 (0 slots)
[2026-02-23 04:47:22] API fetch SUCCESS for 41551F9C679173BC114D28 / 2026-06-01 (4 slots)
[2026-02-23 04:47:33] API fetch SUCCESS for 41551F9C679173BC114D28 / 2028-06-01 (0 slots)
[2026-02-23 04:47:53] API fetch SUCCESS for 41551XJM6F314F91E1CD68 / 2026-02-23 (4 slots)
[2026-02-23 04:51:03] API fetch SUCCESS for 41551XJM6F314F91E1CD68 / 2026-02-23 (4 slots)
[2026-02-23 04:51:08] API fetch SUCCESS for 415516JNCHJ14F91D5A806 / 2026-02-23 (4 slots)
[2026-02-23 04:51:14] API fetch SUCCESS for 41551XJM6F314F91E1CD68 / 2027-02-03 (4 slots)
[2026-02-23 04:51:23] API fetch SUCCESS for 41551XJM6F314F91E1CD68 / 2028-02-02 (0 slots)
[2026-02-23 04:51:51] API fetch SUCCESS for 41551XJM6F314F91E1CD68 / 2026-02-24 (4 slots)
[2026-02-23 04:53:29] API fetch SUCCESS for 415516JNCHJ14F91D5A806 / 2026-02-23 (4 slots)
[2026-02-23 04:53:39] API fetch SUCCESS for 415516JNCHJ14F91D5A806 / 2026-03-04 (4 slots)
[2026-02-23 04:53:51] API fetch SUCCESS for 41551PFXF3K14F91D8FABB / 2026-02-23 (4 slots)
[2026-02-23 04:53:59] API fetch SUCCESS for 41551PFXF3K14F91D8FABB / 2027-01-01 (5 slots)
[2026-02-23 04:54:05] API fetch SUCCESS for 41551PFXF3K14F91D8FABB / 2027-01-15 (5 slots)
[2026-02-23 04:55:17] API fetch SUCCESS for 41551Y4PM9614F91DD1BC6 / 2026-02-23 (4 slots)
[2026-02-23 04:57:21] API fetch SUCCESS for 41551Y4PM9614F91DD1BC6 / 2027-01-01 (4 slots)
[2026-02-23 04:57:30] API fetch SUCCESS for 41551Y4PM9614F91DD1BC6 / 2026-02-25 (2 slots)
[2026-02-23 04:57:33] API fetch SUCCESS for 41551Y4PM9614F91DD1BC6 / 2026-02-23 (4 slots)
[2026-02-23 04:59:03] API fetch SUCCESS for 41551HE99XR14F91DF96B0 / 2026-02-23 (4 slots)
[2026-02-23 04:59:10] API fetch SUCCESS for 41551F9C679173BC114D28 / 2026-02-23 (4 slots)
[2026-02-23 19:33:34] API fetch SUCCESS for 41551HE99XR14F91DF96B0 / 2026-02-23 (4 slots)
[2026-02-23 19:34:20] API fetch SUCCESS for 41551HE99XR14F91DF96B0 / 2026-12-24 (4 slots)
[2026-02-23 19:34:25] API fetch SUCCESS for 41551HE99XR14F91DF96B0 / 2026-12-23 (4 slots)
[2026-02-23 19:34:27] API fetch SUCCESS for 41551HE99XR14F91DF96B0 / 2026-12-22 (4 slots)
[2026-02-23 20:50:13] API fetch SUCCESS for 41551HE99XR14F91DF96B0 / 2026-02-23 (4 slots)
[2026-02-23 20:50:32] API fetch SUCCESS for 41551HE99XR14F91DF96B0 / 2026-09-23 (4 slots)
[2026-02-23 21:02:17] API fetch SUCCESS for 41551HE99XR14F91DF96B0 / 2026-02-23 (4 slots)
[2026-02-23 21:03:18] API fetch SUCCESS for 41551HE99XR14F91DF96B0 / 2026-07-16 (4 slots)
[2026-02-23 21:27:28] API fetch SUCCESS for 41551HE99XR14F91DF96B0 / 2026-02-24 (4 slots)
[2026-02-23 21:27:33] API fetch SUCCESS for 41551PFXF3K14F91D8FABB / 2026-02-24 (4 slots)
[2026-02-23 22:48:00] API fetch SUCCESS for 41551HE99XR14F91DF96B0 / 2026-02-24 (4 slots)
[2026-02-24 05:00:29] API fetch SUCCESS for 41551HE99XR14F91DF96B0 / 2026-02-24 (4 slots)
[2026-02-24 05:00:49] API fetch SUCCESS for 41551F9C679173BC114D28 / 2026-02-24 (4 slots)
[2026-02-24 05:00:52] API fetch SUCCESS for 415516JNCHJ14F91D5A806 / 2026-02-24 (4 slots)
[2026-02-24 05:00:53] API fetch SUCCESS for 41551XJM6F314F91E1CD68 / 2026-02-24 (4 slots)
[2026-02-24 05:00:53] API fetch SUCCESS for 41551PFXF3K14F91D8FABB / 2026-02-24 (4 slots)
[2026-02-24 05:00:55] API fetch SUCCESS for 41551Y4PM9614F91DD1BC6 / 2026-02-24 (4 slots)
[2026-02-24 05:13:24] API fetch SUCCESS for 41551HE99XR14F91DF96B0 / 2026-02-24 (4 slots)
[2026-02-24 05:17:32] API fetch SUCCESS for 41551HE99XR14F91DF96B0 / 2026-02-24 (4 slots)
[2026-02-25 20:57:33] API fetch SUCCESS for 41551HE99XR14F91DF96B0 / 2026-02-26 (4 slots)
[2026-02-26 03:29:23] API fetch SUCCESS for 41551HE99XR14F91DF96B0 / 2027-01-01 (5 slots)
[2026-02-26 03:29:29] API fetch SUCCESS for 41551HE99XR14F91DF96B0 / 2026-09-26 (5 slots)
[2026-02-26 03:33:50] API fetch SUCCESS for 41551HE99XR14F91DF96B0 / 2026-02-26 (4 slots)
[2026-02-26 03:34:08] API fetch SUCCESS for 41551HE99XR14F91DF96B0 / 2026-09-26 (5 slots)
[2026-02-26 04:55:08] API fetch SUCCESS for 41551F9C679173BC114D28 / 2026-02-26 (4 slots)
[2026-02-26 05:06:35] API fetch SUCCESS for 41551F9C679173BC114D28 / 2026-09-26 (5 slots)
[2026-02-26 05:10:53] API fetch SUCCESS for 41551HE99XR14F91DF96B0 / 2026-02-26 (4 slots)
[2026-02-26 14:36:29] API fetch SUCCESS for 41551PFXF3K14F91D8FABB / 2026-02-26 (3 slots)
[2026-02-26 14:36:48] API fetch SUCCESS for 41551PFXF3K14F91D8FABB / 2026-10-28 (4 slots)
[2026-02-27 20:48:38] API fetch SUCCESS for 41551HE99XR14F91DF96B0 / 2026-02-28 (5 slots)
[2026-02-27 20:51:44] API fetch SUCCESS for 41551PFXF3K14F91D8FABB / 2026-02-28 (5 slots)
[2026-02-27 22:08:26] API fetch SUCCESS for 41551HE99XR14F91DF96B0 / 2026-04-02 (4 slots)
[2026-03-05 04:52:01] API fetch SUCCESS for 41551XJM6F314F91E1CD68 / 2026-03-05 (4 slots)
[2026-03-05 20:54:08] API fetch SUCCESS for 41551HE99XR14F91DF96B0 / 2026-03-06 (5 slots)
[2026-03-05 20:54:12] API fetch SUCCESS for 415516JNCHJ14F91D5A806 / 2026-03-06 (5 slots)
[2026-03-06 00:48:58] API fetch SUCCESS for 41551HE99XR14F91DF96B0 / 2026-03-06 (5 slots)
[2026-03-06 02:30:56] API fetch SUCCESS for 41551HE99XR14F91DF96B0 / 2026-03-06 (5 slots)
[2026-03-06 02:31:17] API fetch SUCCESS for 41551HE99XR14F91DF96B0 / 2027-01-01 (5 slots)
[2026-03-06 02:31:50] API fetch SUCCESS for 41551HE99XR14F91DF96B0 / 2026-03-15 (5 slots)
[2026-03-06 02:34:00] API fetch SUCCESS for 41551HE99XR14F91DF96B0 / 2026-03-06 (5 slots)
[2026-03-06 02:35:36] API fetch SUCCESS for 41551HE99XR14F91DF96B0 / 2026-03-15 (5 slots)
[2026-03-06 04:36:08] API fetch SUCCESS for 415516JNCHJ14F91D5A806 / 2026-03-06 (5 slots)
[2026-03-06 04:37:38] API fetch SUCCESS for 41551HE99XR14F91DF96B0 / 2026-03-06 (5 slots)
[2026-03-06 04:46:02] API fetch SUCCESS for 41551HE99XR14F91DF96B0 / 2026-03-06 (5 slots)
[2026-03-06 04:46:31] API fetch SUCCESS for 41551HE99XR14F91DF96B0 / 2026-09-01 (4 slots)
[2026-03-06 04:50:01] API fetch SUCCESS for 415516JNCHJ14F91D5A806 / 2026-03-06 (5 slots)
[2026-03-06 04:51:44] API fetch SUCCESS for 41551HE99XR14F91DF96B0 / 2026-09-01 (4 slots)
[2026-03-06 04:57:10] API fetch SUCCESS for 415516JNCHJ14F91D5A806 / 2026-10-01 (4 slots)
[2026-03-06 05:03:34] API fetch SUCCESS for 415516JNCHJ14F91D5A806 / 2026-03-06 (5 slots)
[2026-03-06 05:03:42] API fetch SUCCESS for 41551HE99XR14F91DF96B0 / 2026-03-06 (5 slots)
[2026-03-06 05:05:46] API fetch SUCCESS for 41551HE99XR14F91DF96B0 / 2026-09-01 (4 slots)
[2026-03-06 05:06:15] API fetch SUCCESS for 41551F9C679173BC114D28 / 2026-03-06 (4 slots)
[2026-03-06 05:06:21] API fetch SUCCESS for 41551F9C679173BC114D28 / 2026-03-18 (4 slots)
[2026-03-06 05:06:30] API fetch SUCCESS for 41551F9C679173BC114D28 / 2026-03-20 (4 slots)
[2026-03-06 05:07:41] API fetch SUCCESS for 41551XJM6F314F91E1CD68 / 2026-03-26 (4 slots)
[2026-03-06 05:12:53] API fetch SUCCESS for 41551HE99XR14F91DF96B0 / 2026-03-20 (5 slots)
[2026-03-06 05:13:38] API fetch SUCCESS for 415516JNCHJ14F91D5A806 / 2026-11-28 (5 slots)
[2026-03-06 05:13:44] API fetch SUCCESS for 415516JNCHJ14F91D5A806 / 2026-12-31 (4 slots)
[2026-03-06 05:15:57] API fetch SUCCESS for 41551XJM6F314F91E1CD68 / 2026-03-25 (4 slots)
[2026-03-06 05:16:03] API fetch SUCCESS for 41551XJM6F314F91E1CD68 / 2026-12-31 (4 slots)
[2026-03-06 05:17:44] API fetch SUCCESS for 41551F9C679173BC114D28 / 2026-09-26 (5 slots)
[2026-03-06 05:20:12] API fetch SUCCESS for 41551XJM6F314F91E1CD68 / 2026-03-06 (4 slots)
[2026-03-06 21:00:23] API fetch SUCCESS for 41551HE99XR14F91DF96B0 / 2026-03-07 (5 slots)
[2026-03-06 21:00:34] API fetch SUCCESS for 41551HE99XR14F91DF96B0 / 2026-09-15 (4 slots)
[2026-03-06 21:19:05] API fetch SUCCESS for 41551HE99XR14F91DF96B0 / 2026-03-07 (5 slots)
[2026-03-06 21:40:42] API fetch SUCCESS for 41551F9C679173BC114D28 / 2026-03-07 (5 slots)
[2026-03-06 21:43:03] API fetch SUCCESS for 41551F9C679173BC114D28 / 2026-03-07 (5 slots)
[2026-03-06 21:48:09] API fetch SUCCESS for 41551HE99XR14F91DF96B0 / 2026-09-20 (5 slots)
[2026-03-06 21:51:59] API fetch SUCCESS for 41551HE99XR14F91DF96B0 / 2026-09-30 (4 slots)
[2026-03-06 21:53:15] API fetch SUCCESS for 41551HE99XR14F91DF96B0 / 2026-09-30 (4 slots)
[2026-03-06 22:03:34] API fetch SUCCESS for 41551HE99XR14F91DF96B0 / 2026-09-30 (4 slots)
[2026-03-06 22:35:32] API fetch SUCCESS for 41551F9C679173BC114D28 / 2026-03-07 (5 slots)
[2026-03-07 01:38:33] API fetch SUCCESS for 41551HE99XR14F91DF96B0 / 2026-03-07 (5 slots)
[2026-03-07 01:43:00] API fetch SUCCESS for 415516JNCHJ14F91D5A806 / 2026-03-07 (5 slots)
[2026-03-07 01:43:13] API fetch SUCCESS for 41551Y4PM9614F91DD1BC6 / 2026-03-07 (5 slots)
[2026-03-08 22:02:57] API fetch SUCCESS for 41551HE99XR14F91DF96B0 / 2026-03-09 (4 slots)
[2026-03-08 23:34:20] API fetch SUCCESS for 41551F9C679173BC114D28 / 2026-03-09 (4 slots)
[2026-03-08 23:43:06] API fetch SUCCESS for 41551HE99XR14F91DF96B0 / 2026-03-09 (4 slots)
[2026-03-09 05:42:34] API fetch SUCCESS for 41551HE99XR14F91DF96B0 / 2026-03-09 (4 slots)
[2026-03-09 22:00:53] API fetch SUCCESS for 41551F9C679173BC114D28 / 2026-03-10 (4 slots)
[2026-03-09 22:01:04] API fetch SUCCESS for 41551F9C679173BC114D28 / 2026-10-01 (4 slots)
[2026-03-09 22:04:29] API fetch SUCCESS for 41551F9C679173BC114D28 / 2026-03-10 (4 slots)
[2026-03-09 22:08:16] API fetch SUCCESS for 41551F9C679173BC114D28 / 2026-03-10 (4 slots)
[2026-03-09 22:08:44] API fetch SUCCESS for 41551F9C679173BC114D28 / 2026-05-01 (4 slots)
[2026-03-09 22:14:16] API fetch SUCCESS for 41551HE99XR14F91DF96B0 / 2026-03-10 (4 slots)
[2026-03-09 22:23:34] API fetch SUCCESS for 415516JNCHJ14F91D5A806 / 2026-03-10 (4 slots)
[2026-03-09 22:28:25] API fetch SUCCESS for 41551Y4PM9614F91DD1BC6 / 2026-03-10 (4 slots)
[2026-03-09 23:12:46] API fetch SUCCESS for 41551Y4PM9614F91DD1BC6 / 2026-03-10 (4 slots)
[2026-03-09 23:24:17] API fetch SUCCESS for 41551HE99XR14F91DF96B0 / 2026-03-10 (4 slots)
[2026-03-09 23:30:56] API fetch SUCCESS for 41551HE99XR14F91DF96B0 / 2026-03-10 (4 slots)
[2026-03-10 00:03:25] API fetch SUCCESS for 41551F9C679173BC114D28 / 2026-03-10 (4 slots)
[2026-03-10 00:05:37] API fetch SUCCESS for 41551F9C679173BC114D28 / 2026-03-10 (4 slots)
[2026-03-10 00:07:04] API fetch SUCCESS for 41551HE99XR14F91DF96B0 / 2026-03-10 (4 slots)
[2026-03-10 00:19:14] API fetch SUCCESS for 41551HE99XR14F91DF96B0 / 2026-03-10 (4 slots)
[2026-03-10 00:20:01] API fetch SUCCESS for 41551HE99XR14F91DF96B0 / 2026-03-10 (4 slots)
[2026-03-10 01:55:06] API fetch SUCCESS for 41551HE99XR14F91DF96B0 / 2026-03-10 (4 slots)
[2026-03-10 04:19:44] API fetch SUCCESS for 41551HE99XR14F91DF96B0 / 2026-03-10 (4 slots)
[2026-03-10 05:11:01] API fetch SUCCESS for 41551PFXF3K14F91D8FABB / 2026-03-10 (4 slots)
[2026-03-10 05:30:45] API fetch SUCCESS for 415516JNCHJ14F91D5A806 / 2026-03-10 (4 slots)
[2026-03-10 06:26:45] API fetch SUCCESS for 41551HE99XR14F91DF96B0 / 2026-03-10 (4 slots)
[2026-03-10 06:34:10] API fetch SUCCESS for 41551PFXF3K14F91D8FABB / 2026-03-10 (4 slots)
[2026-03-10 21:51:39] Lock busy for 41551HE99XR14F91DF96B0 / 2026-03-11 — waited for other worker
[2026-03-10 23:05:40] API fetch SUCCESS for 41551F9C679173BC114D28 / 2026-03-11 (4 slots)
[2026-03-11 02:28:50] API fetch SUCCESS for 41551XJM6F314F91E1CD68 / 2026-03-11 (4 slots)
[2026-03-11 22:31:00] API fetch SUCCESS for 41551HE99XR14F91DF96B0 / 2026-03-12 (2 slots)
[2026-03-11 22:31:27] API fetch SUCCESS for 41551HE99XR14F91DF96B0 / 2026-03-27 (5 slots)
[2026-03-11 22:42:22] API fetch SUCCESS for 41551F9C679173BC114D28 / 2026-03-12 (2 slots)
[2026-03-12 01:40:26] API fetch SUCCESS for 41551HE99XR14F91DF96B0 / 2026-03-12 (2 slots)
[2026-03-12 01:42:44] API fetch SUCCESS for 415516JNCHJ14F91D5A806 / 2026-03-12 (2 slots)
[2026-03-12 01:42:53] API fetch SUCCESS for 415516JNCHJ14F91D5A806 / 2026-09-26 (5 slots)
[2026-03-12 01:44:46] API fetch SUCCESS for 41551HE99XR14F91DF96B0 / 2026-03-12 (2 slots)
[2026-03-12 01:47:20] API fetch SUCCESS for 415516JNCHJ14F91D5A806 / 2026-03-12 (2 slots)
[2026-03-12 01:49:09] API fetch SUCCESS for 415516JNCHJ14F91D5A806 / 2026-09-26 (5 slots)
[2026-03-12 01:51:41] API fetch SUCCESS for 41551Y4PM9614F91DD1BC6 / 2026-03-12 (2 slots)
[2026-03-12 01:55:07] API fetch SUCCESS for 41551Y4PM9614F91DD1BC6 / 2026-03-12 (2 slots)
[2026-03-12 02:19:38] API fetch SUCCESS for 41551F9C679173BC114D28 / 2026-03-12 (2 slots)
[2026-03-12 02:47:45] API fetch SUCCESS for 41551HE99XR14F91DF96B0 / 2026-03-12 (2 slots)
[2026-03-12 03:14:47] API fetch SUCCESS for 41551HE99XR14F91DF96B0 / 2026-03-13 (4 slots)
[2026-03-12 04:59:18] API fetch SUCCESS for 41551HE99XR14F91DF96B0 / 2026-03-12 (2 slots)
[2026-03-12 23:05:48] API fetch SUCCESS for 41551HE99XR14F91DF96B0 / 2026-03-13 (4 slots)
[2026-03-12 23:11:40] API fetch SUCCESS for 41551HE99XR14F91DF96B0 / 2026-03-13 (4 slots)
[2026-03-12 23:12:49] API fetch SUCCESS for 41551HE99XR14F91DF96B0 / 2026-03-13 (4 slots)
[2026-03-12 23:13:29] API fetch SUCCESS for 41551HE99XR14F91DF96B0 / 2026-03-13 (4 slots)
[2026-03-12 23:24:50] API fetch SUCCESS for 41551HE99XR14F91DF96B0 / 2026-03-13 (4 slots)
[2026-03-12 23:24:58] API fetch SUCCESS for 41551HE99XR14F91DF96B0 / 2026-03-14 (5 slots)
[2026-03-13 00:06:54] API fetch SUCCESS for 41551F9C679173BC114D28 / 2026-03-13 (2 slots)
