2025-08-16 06:41:01 Request URL: https://api.bookeo.com/v2/availability/slots?productId=41551F9C679173BC114D28&startTime=2025-08-16T07:00:00Z&endTime=2025-08-17T06:59:59Z
2025-08-16 06:41:01 Request URL: https://api.bookeo.com/v2/availability/slots?productId=41551PFXF3K14F91D8FABB&startTime=2025-08-16T07:00:00Z&endTime=2025-08-17T06:59:59Z
2025-08-16 06:41:01 Request URL: https://api.bookeo.com/v2/availability/slots?productId=415516JNCHJ14F91D5A806&startTime=2025-08-16T07:00:00Z&endTime=2025-08-17T06:59:59Z
2025-08-16 06:41:01 Request URL: https://api.bookeo.com/v2/availability/slots?productId=41551HE99XR14F91DF96B0&startTime=2025-08-16T07:00:00Z&endTime=2025-08-17T06:59:59Z
2025-08-16 06:41:02 API Response: {
  "data": [
    {
      "productId": "41551F9C679173BC114D28",
      "eventId": "41551F9C679173BC114D28_4155194KA6J18496AE864B_2025-08-16",
      "startTime": "2025-08-16T13:00:00-07:00",
      "endTime": "2025-08-16T14:00:00-07:00",
      "numSeatsAvailable": 4,
      "resources": [
        {
          "name": "LIFT",
          "id": "415516E3CJF185707CABCC"
        }
      ],
      "privateEve
2025-08-16 06:41:02 API Response: {
  "data": [
    {
      "productId": "415516JNCHJ14F91D5A806",
      "eventId": "415516JNCHJ14F91D5A806_41551YK6TW71594A111A21_2025-08-16",
      "startTime": "2025-08-16T12:00:00-07:00",
      "endTime": "2025-08-16T13:00:00-07:00",
      "numSeatsAvailable": 8,
      "resources": [
        {
          "name": "EGYPT",
          "id": "41551AATNWU185708841BC"
        }
      ],
      "privateEv
2025-08-16 06:41:02 API Response: {
  "data": [
    {
      "productId": "41551PFXF3K14F91D8FABB",
      "eventId": "41551PFXF3K14F91D8FABB_41590PNU7C319592B9D086_2025-08-16",
      "startTime": "2025-08-16T13:00:00-07:00",
      "endTime": "2025-08-16T14:00:00-07:00",
      "numSeatsAvailable": 8,
      "resources": [
        {
          "name": "ICE",
          "id": "41551EWP73R1857088ACC9"
        }
      ],
      "privateEven
2025-08-16 06:41:02 API Response: {
  "data": [
    {
      "productId": "41551HE99XR14F91DF96B0",
      "eventId": "41551HE99XR14F91DF96B0_41590JL64A31950102C5ED_2025-08-16",
      "startTime": "2025-08-16T13:00:00-07:00",
      "endTime": "2025-08-16T14:00:00-07:00",
      "numSeatsAvailable": 0,
      "resources": [
        {
          "name": "PRISON",
          "id": "41551MUUN3Y18570898A86"
        }
      ],
      "privateE
2025-08-16 06:41:02 Request URL: https://api.bookeo.com/v2/availability/slots?productId=41551XJM6F314F91E1CD68&startTime=2025-08-16T07:00:00Z&endTime=2025-08-17T06:59:59Z
2025-08-16 06:41:02 Request URL: https://api.bookeo.com/v2/availability/slots?productId=41551Y4PM9614F91DD1BC6&startTime=2025-08-16T07:00:00Z&endTime=2025-08-17T06:59:59Z
2025-08-16 06:41:03 API Response: {
  "data": [
    {
      "productId": "41551XJM6F314F91E1CD68",
      "eventId": "41551XJM6F314F91E1CD68_4159044CM3K195928BA13A_2025-08-16",
      "startTime": "2025-08-16T12:00:00-07:00",
      "endTime": "2025-08-16T13:00:00-07:00",
      "numSeatsAvailable": 8,
      "resources": [
        {
          "name": "SUBMARINE",
          "id": "41551E69A6N185708A087B"
        }
      ],
      "priva
2025-08-16 06:41:03 API Response: {
  "data": [
    {
      "productId": "41551Y4PM9614F91DD1BC6",
      "eventId": "41551Y4PM9614F91DD1BC6_415907AJ6P61959D430A61_2025-08-16",
      "startTime": "2025-08-16T12:00:00-07:00",
      "endTime": "2025-08-16T13:00:00-07:00",
      "numSeatsAvailable": 0,
      "resources": [
        {
          "name": "MUSEUM",
          "id": "41551ER469W185708915FB"
        }
      ],
      "privateE
2025-08-16 06:41:42 Request URL: https://api.bookeo.com/v2/availability/slots?productId=41551F9C679173BC114D28&startTime=2025-08-16T07:00:00Z&endTime=2025-08-17T06:59:59Z
2025-08-16 06:41:42 Request URL: https://api.bookeo.com/v2/availability/slots?productId=41551PFXF3K14F91D8FABB&startTime=2025-08-16T07:00:00Z&endTime=2025-08-17T06:59:59Z
2025-08-16 06:41:42 Request URL: https://api.bookeo.com/v2/availability/slots?productId=41551HE99XR14F91DF96B0&startTime=2025-08-16T07:00:00Z&endTime=2025-08-17T06:59:59Z
2025-08-16 06:41:42 Request URL: https://api.bookeo.com/v2/availability/slots?productId=41551XJM6F314F91E1CD68&startTime=2025-08-16T07:00:00Z&endTime=2025-08-17T06:59:59Z
2025-08-16 06:41:43 API Response: {
  "data": [
    {
      "productId": "41551HE99XR14F91DF96B0",
      "eventId": "41551HE99XR14F91DF96B0_41590JL64A31950102C5ED_2025-08-16",
      "startTime": "2025-08-16T13:00:00-07:00",
      "endTime": "2025-08-16T14:00:00-07:00",
      "numSeatsAvailable": 0,
      "resources": [
        {
          "name": "PRISON",
          "id": "41551MUUN3Y18570898A86"
        }
      ],
      "privateE
2025-08-16 06:41:43 API Response: {
  "data": [
    {
      "productId": "41551F9C679173BC114D28",
      "eventId": "41551F9C679173BC114D28_4155194KA6J18496AE864B_2025-08-16",
      "startTime": "2025-08-16T13:00:00-07:00",
      "endTime": "2025-08-16T14:00:00-07:00",
      "numSeatsAvailable": 4,
      "resources": [
        {
          "name": "LIFT",
          "id": "415516E3CJF185707CABCC"
        }
      ],
      "privateEve
2025-08-16 06:41:43 API Response: {
  "data": [
    {
      "productId": "41551PFXF3K14F91D8FABB",
      "eventId": "41551PFXF3K14F91D8FABB_41590PNU7C319592B9D086_2025-08-16",
      "startTime": "2025-08-16T13:00:00-07:00",
      "endTime": "2025-08-16T14:00:00-07:00",
      "numSeatsAvailable": 8,
      "resources": [
        {
          "name": "ICE",
          "id": "41551EWP73R1857088ACC9"
        }
      ],
      "privateEven
2025-08-16 06:41:43 API Response: {
  "data": [
    {
      "productId": "41551XJM6F314F91E1CD68",
      "eventId": "41551XJM6F314F91E1CD68_4159044CM3K195928BA13A_2025-08-16",
      "startTime": "2025-08-16T12:00:00-07:00",
      "endTime": "2025-08-16T13:00:00-07:00",
      "numSeatsAvailable": 8,
      "resources": [
        {
          "name": "SUBMARINE",
          "id": "41551E69A6N185708A087B"
        }
      ],
      "priva
2025-08-16 06:41:43 Request URL: https://api.bookeo.com/v2/availability/slots?productId=41551Y4PM9614F91DD1BC6&startTime=2025-08-16T07:00:00Z&endTime=2025-08-17T06:59:59Z
2025-08-16 06:41:43 Request URL: https://api.bookeo.com/v2/availability/slots?productId=415516JNCHJ14F91D5A806&startTime=2025-08-16T07:00:00Z&endTime=2025-08-17T06:59:59Z
2025-08-16 06:41:43 Request URL: https://api.bookeo.com/v2/availability/slots?productId=41551PFXF3K14F91D8FABB&startTime=2025-08-28T07:00:00Z&endTime=2025-08-29T06:59:59Z
2025-08-16 06:41:43 Request URL: https://api.bookeo.com/v2/availability/slots?productId=41551F9C679173BC114D28&startTime=2025-08-28T07:00:00Z&endTime=2025-08-29T06:59:59Z
2025-08-16 06:41:44 API Response: {
  "data": [
    {
      "productId": "41551Y4PM9614F91DD1BC6",
      "eventId": "41551Y4PM9614F91DD1BC6_415907AJ6P61959D430A61_2025-08-16",
      "startTime": "2025-08-16T12:00:00-07:00",
      "endTime": "2025-08-16T13:00:00-07:00",
      "numSeatsAvailable": 0,
      "resources": [
        {
          "name": "MUSEUM",
          "id": "41551ER469W185708915FB"
        }
      ],
      "privateE
2025-08-16 06:41:44 API Response: {
  "data": [
    {
      "productId": "415516JNCHJ14F91D5A806",
      "eventId": "415516JNCHJ14F91D5A806_41551YK6TW71594A111A21_2025-08-16",
      "startTime": "2025-08-16T12:00:00-07:00",
      "endTime": "2025-08-16T13:00:00-07:00",
      "numSeatsAvailable": 8,
      "resources": [
        {
          "name": "EGYPT",
          "id": "41551AATNWU185708841BC"
        }
      ],
      "privateEv
2025-08-16 06:41:44 API Response: {
  "data": [
    {
      "productId": "41551PFXF3K14F91D8FABB",
      "eventId": "41551PFXF3K14F91D8FABB_415907C3JJ619592B9D085_2025-08-28",
      "startTime": "2025-08-28T13:00:00-07:00",
      "endTime": "2025-08-28T14:00:00-07:00",
      "numSeatsAvailable": 8,
      "resources": [
        {
          "name": "ICE",
          "id": "41551EWP73R1857088ACC9"
        }
      ],
      "privateEven
2025-08-16 06:41:44 API Response: {
  "data": [
    {
      "productId": "41551F9C679173BC114D28",
      "eventId": "41551F9C679173BC114D28_41551KH36LK18496AE864A_2025-08-28",
      "startTime": "2025-08-28T13:00:00-07:00",
      "endTime": "2025-08-28T14:00:00-07:00",
      "numSeatsAvailable": 4,
      "resources": [
        {
          "name": "LIFT",
          "id": "415516E3CJF185707CABCC"
        }
      ],
      "privateEve
2025-08-16 06:41:44 Request URL: https://api.bookeo.com/v2/availability/slots?productId=41551Y4PM9614F91DD1BC6&startTime=2025-08-28T07:00:00Z&endTime=2025-08-29T06:59:59Z
2025-08-16 06:41:44 Request URL: https://api.bookeo.com/v2/availability/slots?productId=41551XJM6F314F91E1CD68&startTime=2025-08-28T07:00:00Z&endTime=2025-08-29T06:59:59Z
2025-08-16 06:41:44 Request URL: https://api.bookeo.com/v2/availability/slots?productId=415516JNCHJ14F91D5A806&startTime=2025-08-28T07:00:00Z&endTime=2025-08-29T06:59:59Z
2025-08-16 06:41:44 Request URL: https://api.bookeo.com/v2/availability/slots?productId=41551HE99XR14F91DF96B0&startTime=2025-08-28T07:00:00Z&endTime=2025-08-29T06:59:59Z
2025-08-16 06:41:45 API Response: {
  "data": [
    {
      "productId": "41551Y4PM9614F91DD1BC6",
      "eventId": "41551Y4PM9614F91DD1BC6_41590CRYRLY1959D430A60_2025-08-28",
      "startTime": "2025-08-28T14:00:00-07:00",
      "endTime": "2025-08-28T15:00:00-07:00",
      "numSeatsAvailable": 8,
      "resources": [
        {
          "name": "MUSEUM",
          "id": "41551ER469W185708915FB"
        }
      ],
      "privateE
2025-08-16 06:41:45 API Response: {
  "data": [
    {
      "productId": "415516JNCHJ14F91D5A806",
      "eventId": "415516JNCHJ14F91D5A806_41551MEXY3E1594A111A20_2025-08-28",
      "startTime": "2025-08-28T14:00:00-07:00",
      "endTime": "2025-08-28T15:00:00-07:00",
      "numSeatsAvailable": 8,
      "resources": [
        {
          "name": "EGYPT",
          "id": "41551AATNWU185708841BC"
        }
      ],
      "privateEv
2025-08-16 06:41:45 API Response: {
  "httpStatus": 429,
  "message": "null. Please try again in 9 seconds.",
  "retryAfter": 9,
  "errorId": "1590KNODB250816064145MAC4R"
}
2025-08-16 06:41:45 No slots found in API response
2025-08-16 06:41:45 API Response: {
  "httpStatus": 429,
  "message": "null. Please try again in 9 seconds.",
  "retryAfter": 9,
  "errorId": "1590KNODB250816064145F6TXX"
}
2025-08-16 06:41:45 No slots found in API response
2025-08-16 06:41:50 Request URL: https://api.bookeo.com/v2/availability/slots?productId=41551F9C679173BC114D28&startTime=2025-08-28T07:00:00Z&endTime=2025-08-29T06:59:59Z
2025-08-16 06:41:50 Request URL: https://api.bookeo.com/v2/availability/slots?productId=41551XJM6F314F91E1CD68&startTime=2025-08-26T07:00:00Z&endTime=2025-08-27T06:59:59Z
2025-08-16 06:41:50 Request URL: https://api.bookeo.com/v2/availability/slots?productId=41551HE99XR14F91DF96B0&startTime=2025-08-28T07:00:00Z&endTime=2025-08-29T06:59:59Z
2025-08-16 06:41:50 Request URL: https://api.bookeo.com/v2/availability/slots?productId=41551HE99XR14F91DF96B0&startTime=2025-08-26T07:00:00Z&endTime=2025-08-27T06:59:59Z
2025-08-16 06:41:50 API Response: {
  "data": [
    {
      "productId": "41551F9C679173BC114D28",
      "eventId": "41551F9C679173BC114D28_41551KH36LK18496AE864A_2025-08-28",
      "startTime": "2025-08-28T13:00:00-07:00",
      "endTime": "2025-08-28T14:00:00-07:00",
      "numSeatsAvailable": 4,
      "resources": [
        {
          "name": "LIFT",
          "id": "415516E3CJF185707CABCC"
        }
      ],
      "privateEve
2025-08-16 06:41:50 API Response: {
  "data": [
    {
      "productId": "41551HE99XR14F91DF96B0",
      "eventId": "41551HE99XR14F91DF96B0_415903T64XK1968DF830AC_2025-08-26",
      "startTime": "2025-08-26T13:00:00-07:00",
      "endTime": "2025-08-26T14:00:00-07:00",
      "numSeatsAvailable": 8,
      "resources": [
        {
          "name": "PRISON",
          "id": "41551MUUN3Y18570898A86"
        }
      ],
      "privateE
2025-08-16 06:41:50 API Response: {
  "data": [
    {
      "productId": "41551HE99XR14F91DF96B0",
      "eventId": "41551HE99XR14F91DF96B0_41590HWYTEP1950102C5EC_2025-08-28",
      "startTime": "2025-08-28T13:00:00-07:00",
      "endTime": "2025-08-28T14:00:00-07:00",
      "numSeatsAvailable": 8,
      "resources": [
        {
          "name": "PRISON",
          "id": "41551MUUN3Y18570898A86"
        }
      ],
      "privateE
2025-08-16 06:41:50 API Response: {
  "data": [
    {
      "productId": "41551XJM6F314F91E1CD68",
      "eventId": "41551XJM6F314F91E1CD68_4159067FNKL1968DF90BAC_2025-08-26",
      "startTime": "2025-08-26T14:00:00-07:00",
      "endTime": "2025-08-26T15:00:00-07:00",
      "numSeatsAvailable": 8,
      "resources": [
        {
          "name": "BIRTHDAY",
          "id": "41551TMF9Y9185707686CA"
        },
        {
          "
2025-08-16 06:41:51 Request URL: https://api.bookeo.com/v2/availability/slots?productId=41551PFXF3K14F91D8FABB&startTime=2025-08-28T07:00:00Z&endTime=2025-08-29T06:59:59Z
2025-08-16 06:41:51 Request URL: https://api.bookeo.com/v2/availability/slots?productId=41551XJM6F314F91E1CD68&startTime=2025-08-28T07:00:00Z&endTime=2025-08-29T06:59:59Z
2025-08-16 06:41:51 Request URL: https://api.bookeo.com/v2/availability/slots?productId=41551Y4PM9614F91DD1BC6&startTime=2025-08-28T07:00:00Z&endTime=2025-08-29T06:59:59Z
2025-08-16 06:41:51 Request URL: https://api.bookeo.com/v2/availability/slots?productId=415516JNCHJ14F91D5A806&startTime=2025-08-28T07:00:00Z&endTime=2025-08-29T06:59:59Z
2025-08-16 06:41:52 API Response: {
  "data": [
    {
      "productId": "41551Y4PM9614F91DD1BC6",
      "eventId": "41551Y4PM9614F91DD1BC6_41590CRYRLY1959D430A60_2025-08-28",
      "startTime": "2025-08-28T14:00:00-07:00",
      "endTime": "2025-08-28T15:00:00-07:00",
      "numSeatsAvailable": 8,
      "resources": [
        {
          "name": "MUSEUM",
          "id": "41551ER469W185708915FB"
        }
      ],
      "privateE
2025-08-16 06:41:52 API Response: {
  "data": [
    {
      "productId": "415516JNCHJ14F91D5A806",
      "eventId": "415516JNCHJ14F91D5A806_41551MEXY3E1594A111A20_2025-08-28",
      "startTime": "2025-08-28T14:00:00-07:00",
      "endTime": "2025-08-28T15:00:00-07:00",
      "numSeatsAvailable": 8,
      "resources": [
        {
          "name": "EGYPT",
          "id": "41551AATNWU185708841BC"
        }
      ],
      "privateEv
2025-08-16 06:41:52 API Response: {
  "data": [
    {
      "productId": "41551PFXF3K14F91D8FABB",
      "eventId": "41551PFXF3K14F91D8FABB_415907C3JJ619592B9D085_2025-08-28",
      "startTime": "2025-08-28T13:00:00-07:00",
      "endTime": "2025-08-28T14:00:00-07:00",
      "numSeatsAvailable": 8,
      "resources": [
        {
          "name": "ICE",
          "id": "41551EWP73R1857088ACC9"
        }
      ],
      "privateEven
2025-08-16 06:41:52 API Response: {
  "data": [
    {
      "productId": "41551XJM6F314F91E1CD68",
      "eventId": "41551XJM6F314F91E1CD68_415907UHHR9195928BA139_2025-08-28",
      "startTime": "2025-08-28T14:00:00-07:00",
      "endTime": "2025-08-28T15:00:00-07:00",
      "numSeatsAvailable": 8,
      "resources": [
        {
          "name": "SUBMARINE",
          "id": "41551E69A6N185708A087B"
        }
      ],
      "priva
2025-08-16 06:41:52 Request URL: https://api.bookeo.com/v2/availability/slots?productId=41551F9C679173BC114D28&startTime=2025-08-26T07:00:00Z&endTime=2025-08-27T06:59:59Z
2025-08-16 06:41:52 Request URL: https://api.bookeo.com/v2/availability/slots?productId=41551PFXF3K14F91D8FABB&startTime=2025-08-26T07:00:00Z&endTime=2025-08-27T06:59:59Z
2025-08-16 06:41:52 Request URL: https://api.bookeo.com/v2/availability/slots?productId=415516JNCHJ14F91D5A806&startTime=2025-08-26T07:00:00Z&endTime=2025-08-27T06:59:59Z
2025-08-16 06:41:52 Request URL: https://api.bookeo.com/v2/availability/slots?productId=41551Y4PM9614F91DD1BC6&startTime=2025-08-26T07:00:00Z&endTime=2025-08-27T06:59:59Z
2025-08-16 06:41:53 API Response: {
  "data": [
    {
      "productId": "41551F9C679173BC114D28",
      "eventId": "41551F9C679173BC114D28_41590F6EE4E1968DF50D9B_2025-08-26",
      "startTime": "2025-08-26T13:00:00-07:00",
      "endTime": "2025-08-26T14:00:00-07:00",
      "numSeatsAvailable": 4,
      "resources": [
        {
          "name": "LIFT",
          "id": "415516E3CJF185707CABCC"
        }
      ],
      "privateEve
2025-08-16 06:41:53 API Response: {
  "httpStatus": 429,
  "message": "null. Please try again in 9 seconds.",
  "retryAfter": 9,
  "errorId": "1590KNODB2508160641533CALK"
}
2025-08-16 06:41:53 No slots found in API response
2025-08-16 06:41:53 API Response: {
  "httpStatus": 429,
  "message": "null. Please try again in 9 seconds.",
  "retryAfter": 9,
  "errorId": "1590KNODB250816064153HELTT"
}
2025-08-16 06:41:53 No slots found in API response
2025-08-16 06:41:53 API Response: {
  "httpStatus": 429,
  "message": "null. Please try again in 9 seconds.",
  "retryAfter": 9,
  "errorId": "1590KNODB250816064153HTRY9"
}
2025-08-16 06:41:53 No slots found in API response
2025-08-16 06:42:08 Request URL: https://api.bookeo.com/v2/availability/slots?productId=41551F9C679173BC114D28&startTime=2025-08-26T07:00:00Z&endTime=2025-08-27T06:59:59Z
2025-08-16 06:42:08 Request URL: https://api.bookeo.com/v2/availability/slots?productId=41551Y4PM9614F91DD1BC6&startTime=2025-08-26T07:00:00Z&endTime=2025-08-27T06:59:59Z
2025-08-16 06:42:08 Request URL: https://api.bookeo.com/v2/availability/slots?productId=41551XJM6F314F91E1CD68&startTime=2025-08-26T07:00:00Z&endTime=2025-08-27T06:59:59Z
2025-08-16 06:42:08 Request URL: https://api.bookeo.com/v2/availability/slots?productId=41551F9C679173BC114D28&startTime=2025-08-25T07:00:00Z&endTime=2025-08-26T06:59:59Z
2025-08-16 06:42:09 API Response: {
  "data": [
    {
      "productId": "41551F9C679173BC114D28",
      "eventId": "41551F9C679173BC114D28_41590F6EE4E1968DF50D9B_2025-08-26",
      "startTime": "2025-08-26T13:00:00-07:00",
      "endTime": "2025-08-26T14:00:00-07:00",
      "numSeatsAvailable": 4,
      "resources": [
        {
          "name": "LIFT",
          "id": "415516E3CJF185707CABCC"
        }
      ],
      "privateEve
2025-08-16 06:42:09 API Response: {
  "data": [
    {
      "productId": "41551XJM6F314F91E1CD68",
      "eventId": "41551XJM6F314F91E1CD68_4159067FNKL1968DF90BAC_2025-08-26",
      "startTime": "2025-08-26T14:00:00-07:00",
      "endTime": "2025-08-26T15:00:00-07:00",
      "numSeatsAvailable": 8,
      "resources": [
        {
          "name": "BIRTHDAY",
          "id": "41551TMF9Y9185707686CA"
        },
        {
          "
2025-08-16 06:42:09 API Response: {
  "data": [
    {
      "productId": "41551Y4PM9614F91DD1BC6",
      "eventId": "41551Y4PM9614F91DD1BC6_41590H3NJM61968DFF8ED5_2025-08-26",
      "startTime": "2025-08-26T14:00:00-07:00",
      "endTime": "2025-08-26T15:00:00-07:00",
      "numSeatsAvailable": 8,
      "resources": [
        {
          "name": "MUSEUM",
          "id": "41551ER469W185708915FB"
        }
      ],
      "privateE
2025-08-16 06:42:09 API Response: {
  "data": [
    {
      "productId": "41551F9C679173BC114D28",
      "eventId": "41551F9C679173BC114D28_41551Y9U3LY18496AE8649_2025-08-25",
      "startTime": "2025-08-25T13:00:00-07:00",
      "endTime": "2025-08-25T14:00:00-07:00",
      "numSeatsAvailable": 4,
      "resources": [
        {
          "name": "LIFT",
          "id": "415516E3CJF185707CABCC"
        }
      ],
      "privateEve
2025-08-16 06:42:09 Request URL: https://api.bookeo.com/v2/availability/slots?productId=41551PFXF3K14F91D8FABB&startTime=2025-08-26T07:00:00Z&endTime=2025-08-27T06:59:59Z
2025-08-16 06:42:09 Request URL: https://api.bookeo.com/v2/availability/slots?productId=415516JNCHJ14F91D5A806&startTime=2025-08-26T07:00:00Z&endTime=2025-08-27T06:59:59Z
2025-08-16 06:42:09 Request URL: https://api.bookeo.com/v2/availability/slots?productId=41551HE99XR14F91DF96B0&startTime=2025-08-26T07:00:00Z&endTime=2025-08-27T06:59:59Z
2025-08-16 06:42:09 Request URL: https://api.bookeo.com/v2/availability/slots?productId=41551PFXF3K14F91D8FABB&startTime=2025-08-25T07:00:00Z&endTime=2025-08-26T06:59:59Z
2025-08-16 06:42:10 API Response: {
  "httpStatus": 429,
  "message": "null. Please try again in 9 seconds.",
  "retryAfter": 9,
  "errorId": "1590KNODB2508160642107PWJA"
}
2025-08-16 06:42:10 No slots found in API response
2025-08-16 06:42:10 API Response: {
  "data": [
    {
      "productId": "41551HE99XR14F91DF96B0",
      "eventId": "41551HE99XR14F91DF96B0_415903T64XK1968DF830AC_2025-08-26",
      "startTime": "2025-08-26T13:00:00-07:00",
      "endTime": "2025-08-26T14:00:00-07:00",
      "numSeatsAvailable": 8,
      "resources": [
        {
          "name": "PRISON",
          "id": "41551MUUN3Y18570898A86"
        }
      ],
      "privateE
2025-08-16 06:42:10 API Response: {
  "httpStatus": 429,
  "message": "null. Please try again in 9 seconds.",
  "retryAfter": 9,
  "errorId": "1590KNODB250816064210EKPH6"
}
2025-08-16 06:42:10 No slots found in API response
2025-08-16 06:42:10 API Response: {
  "httpStatus": 429,
  "message": "null. Please try again in 9 seconds.",
  "retryAfter": 9,
  "errorId": "1590KNODB250816064210JLANL"
}
2025-08-16 06:42:10 No slots found in API response
2025-08-16 06:42:10 Request URL: https://api.bookeo.com/v2/availability/slots?productId=41551HE99XR14F91DF96B0&startTime=2025-08-25T07:00:00Z&endTime=2025-08-26T06:59:59Z
2025-08-16 06:42:10 Request URL: https://api.bookeo.com/v2/availability/slots?productId=41551XJM6F314F91E1CD68&startTime=2025-08-25T07:00:00Z&endTime=2025-08-26T06:59:59Z
2025-08-16 06:42:10 Request URL: https://api.bookeo.com/v2/availability/slots?productId=415516JNCHJ14F91D5A806&startTime=2025-08-25T07:00:00Z&endTime=2025-08-26T06:59:59Z
2025-08-16 06:42:10 Request URL: https://api.bookeo.com/v2/availability/slots?productId=41551Y4PM9614F91DD1BC6&startTime=2025-08-25T07:00:00Z&endTime=2025-08-26T06:59:59Z
2025-08-16 06:42:11 API Response: {
  "httpStatus": 429,
  "message": "null. Please try again in 8 seconds.",
  "retryAfter": 8,
  "errorId": "1590KNODB2508160642114R7H7"
}
2025-08-16 06:42:11 No slots found in API response
2025-08-16 06:42:11 API Response: {
  "httpStatus": 429,
  "message": "null. Please try again in 8 seconds.",
  "retryAfter": 8,
  "errorId": "1590KNODB250816064211KYEWA"
}
2025-08-16 06:42:11 No slots found in API response
2025-08-16 06:42:11 API Response: {
  "httpStatus": 429,
  "message": "null. Please try again in 8 seconds.",
  "retryAfter": 8,
  "errorId": "1590KNODB250816064211WM67A"
}
2025-08-16 06:42:11 No slots found in API response
2025-08-16 06:42:11 API Response: {
  "httpStatus": 429,
  "message": "null. Please try again in 8 seconds.",
  "retryAfter": 8,
  "errorId": "1590KNODB250816064211TYW6F"
}
2025-08-16 06:42:11 No slots found in API response
2025-08-16 06:45:27 API Response HTTP 200: {
  "data": [
    {
      "productId": "41551Y4PM9614F91DD1BC6",
      "eventId": "41551Y4PM9614F91DD1BC6_415907AJ6P61959D430A61_2025-08-16",
      "startTime": "2025-08-16T12:00:00-07:00",
      "endTime": "2025-08-16T13:00:00-07:00",
      "numSeatsAvailable": 0,
      "resources": [
        {
          "name": "MUSEUM",
          "id": "41551ER469W185708915FB"
        }
      ],
      "privateE
2025-08-16 06:45:27 API Response HTTP 200: {
  "data": [
    {
      "productId": "41551HE99XR14F91DF96B0",
      "eventId": "41551HE99XR14F91DF96B0_41590JL64A31950102C5ED_2025-08-16",
      "startTime": "2025-08-16T13:00:00-07:00",
      "endTime": "2025-08-16T14:00:00-07:00",
      "numSeatsAvailable": 0,
      "resources": [
        {
          "name": "PRISON",
          "id": "41551MUUN3Y18570898A86"
        }
      ],
      "privateE
2025-08-16 06:45:27 API Response HTTP 200: {
  "data": [
    {
      "productId": "41551PFXF3K14F91D8FABB",
      "eventId": "41551PFXF3K14F91D8FABB_41590PNU7C319592B9D086_2025-08-16",
      "startTime": "2025-08-16T13:00:00-07:00",
      "endTime": "2025-08-16T14:00:00-07:00",
      "numSeatsAvailable": 8,
      "resources": [
        {
          "name": "ICE",
          "id": "41551EWP73R1857088ACC9"
        }
      ],
      "privateEven
2025-08-16 06:45:27 API Response HTTP 200: {
  "data": [
    {
      "productId": "41551XJM6F314F91E1CD68",
      "eventId": "41551XJM6F314F91E1CD68_4159044CM3K195928BA13A_2025-08-16",
      "startTime": "2025-08-16T12:00:00-07:00",
      "endTime": "2025-08-16T13:00:00-07:00",
      "numSeatsAvailable": 8,
      "resources": [
        {
          "name": "SUBMARINE",
          "id": "41551E69A6N185708A087B"
        }
      ],
      "priva
2025-08-16 06:45:28 API Response HTTP 200: {
  "data": [
    {
      "productId": "415516JNCHJ14F91D5A806",
      "eventId": "415516JNCHJ14F91D5A806_41551YK6TW71594A111A21_2025-08-16",
      "startTime": "2025-08-16T12:00:00-07:00",
      "endTime": "2025-08-16T13:00:00-07:00",
      "numSeatsAvailable": 8,
      "resources": [
        {
          "name": "EGYPT",
          "id": "41551AATNWU185708841BC"
        }
      ],
      "privateEv
2025-08-16 06:45:28 API Response HTTP 200: {
  "data": [
    {
      "productId": "41551F9C679173BC114D28",
      "eventId": "41551F9C679173BC114D28_4155194KA6J18496AE864B_2025-08-16",
      "startTime": "2025-08-16T13:00:00-07:00",
      "endTime": "2025-08-16T14:00:00-07:00",
      "numSeatsAvailable": 4,
      "resources": [
        {
          "name": "LIFT",
          "id": "415516E3CJF185707CABCC"
        }
      ],
      "privateEve
2025-08-16 06:45:36 API Response HTTP 200: {
  "data": [
    {
      "productId": "41551XJM6F314F91E1CD68",
      "eventId": "41551XJM6F314F91E1CD68_4159044CM3K195928BA13A_2025-08-16",
      "startTime": "2025-08-16T12:00:00-07:00",
      "endTime": "2025-08-16T13:00:00-07:00",
      "numSeatsAvailable": 8,
      "resources": [
        {
          "name": "SUBMARINE",
          "id": "41551E69A6N185708A087B"
        }
      ],
      "priva
2025-08-16 06:45:36 API Response HTTP 200: {
  "data": [
    {
      "productId": "41551Y4PM9614F91DD1BC6",
      "eventId": "41551Y4PM9614F91DD1BC6_415907AJ6P61959D430A61_2025-08-16",
      "startTime": "2025-08-16T12:00:00-07:00",
      "endTime": "2025-08-16T13:00:00-07:00",
      "numSeatsAvailable": 0,
      "resources": [
        {
          "name": "MUSEUM",
          "id": "41551ER469W185708915FB"
        }
      ],
      "privateE
2025-08-16 06:45:36 API Response HTTP 200: {
  "data": [
    {
      "productId": "415516JNCHJ14F91D5A806",
      "eventId": "415516JNCHJ14F91D5A806_41551YK6TW71594A111A21_2025-08-16",
      "startTime": "2025-08-16T12:00:00-07:00",
      "endTime": "2025-08-16T13:00:00-07:00",
      "numSeatsAvailable": 8,
      "resources": [
        {
          "name": "EGYPT",
          "id": "41551AATNWU185708841BC"
        }
      ],
      "privateEv
2025-08-16 06:45:36 API Response HTTP 200: {
  "data": [
    {
      "productId": "41551XJM6F314F91E1CD68",
      "eventId": "41551XJM6F314F91E1CD68_415907MU36F195928BA139_2025-08-20",
      "startTime": "2025-08-20T14:00:00-07:00",
      "endTime": "2025-08-20T15:00:00-07:00",
      "numSeatsAvailable": 0,
      "resources": [
        {
          "name": "SUBMARINE",
          "id": "41551E69A6N185708A087B"
        }
      ],
      "priva
2025-08-16 06:45:38 API Response HTTP 200: {
  "data": [
    {
      "productId": "41551PFXF3K14F91D8FABB",
      "eventId": "41551PFXF3K14F91D8FABB_41590PNU7C319592B9D086_2025-08-16",
      "startTime": "2025-08-16T13:00:00-07:00",
      "endTime": "2025-08-16T14:00:00-07:00",
      "numSeatsAvailable": 8,
      "resources": [
        {
          "name": "ICE",
          "id": "41551EWP73R1857088ACC9"
        }
      ],
      "privateEven
2025-08-16 06:45:38 API Response HTTP 200: {
  "data": [
    {
      "productId": "41551HE99XR14F91DF96B0",
      "eventId": "41551HE99XR14F91DF96B0_41590JL64A31950102C5ED_2025-08-16",
      "startTime": "2025-08-16T13:00:00-07:00",
      "endTime": "2025-08-16T14:00:00-07:00",
      "numSeatsAvailable": 0,
      "resources": [
        {
          "name": "PRISON",
          "id": "41551MUUN3Y18570898A86"
        }
      ],
      "privateE
2025-08-16 06:45:38 API Response HTTP 200: {
  "data": [
    {
      "productId": "41551F9C679173BC114D28",
      "eventId": "41551F9C679173BC114D28_4155194KA6J18496AE864B_2025-08-16",
      "startTime": "2025-08-16T13:00:00-07:00",
      "endTime": "2025-08-16T14:00:00-07:00",
      "numSeatsAvailable": 4,
      "resources": [
        {
          "name": "LIFT",
          "id": "415516E3CJF185707CABCC"
        }
      ],
      "privateEve
2025-08-16 06:45:38 API Response HTTP 200: {
  "data": [
    {
      "productId": "41551F9C679173BC114D28",
      "eventId": "41551F9C679173BC114D28_41551PMFNTY18496AE8649_2025-08-20",
      "startTime": "2025-08-20T13:00:00-07:00",
      "endTime": "2025-08-20T14:00:00-07:00",
      "numSeatsAvailable": 0,
      "resources": [
        {
          "name": "LIFT",
          "id": "415516E3CJF185707CABCC"
        }
      ],
      "privateEve
2025-08-16 06:45:38 API Response HTTP 200: {
  "data": [
    {
      "productId": "41551Y4PM9614F91DD1BC6",
      "eventId": "41551Y4PM9614F91DD1BC6_41590UFPU7W1959D430A60_2025-08-20",
      "startTime": "2025-08-20T14:00:00-07:00",
      "endTime": "2025-08-20T15:00:00-07:00",
      "numSeatsAvailable": 8,
      "resources": [
        {
          "name": "MUSEUM",
          "id": "41551ER469W185708915FB"
        }
      ],
      "privateE
2025-08-16 06:45:38 API Response HTTP 429: {
  "httpStatus": 429,
  "message": "null. Please try again in 9 seconds.",
  "retryAfter": 9,
  "errorId": "1590KNODB250816064538JHAWR"
}
2025-08-16 06:45:38 Rate limited. Waiting 9s then retrying...
2025-08-16 06:45:38 API Response HTTP 429: {
  "httpStatus": 429,
  "message": "null. Please try again in 9 seconds.",
  "retryAfter": 9,
  "errorId": "1590KNODB2508160645386AL7N"
}
2025-08-16 06:45:38 Rate limited. Waiting 9s then retrying...
2025-08-16 06:45:38 API Response HTTP 429: {
  "httpStatus": 429,
  "message": "null. Please try again in 9 seconds.",
  "retryAfter": 9,
  "errorId": "1590KNODB250816064538PTALK"
}
2025-08-16 06:45:38 Rate limited. Waiting 9s then retrying...
2025-08-16 06:45:48 API Response HTTP 200: {
  "data": [
    {
      "productId": "41551HE99XR14F91DF96B0",
      "eventId": "41551HE99XR14F91DF96B0_41590K9P36K1950102C5EC_2025-08-20",
      "startTime": "2025-08-20T13:00:00-07:00",
      "endTime": "2025-08-20T14:00:00-07:00",
      "numSeatsAvailable": 8,
      "resources": [
        {
          "name": "PRISON",
          "id": "41551MUUN3Y18570898A86"
        }
      ],
      "privateE
2025-08-16 06:45:48 API Response HTTP 200: {
  "data": [
    {
      "productId": "41551PFXF3K14F91D8FABB",
      "eventId": "41551PFXF3K14F91D8FABB_41590HNXNLA19592B9D085_2025-08-20",
      "startTime": "2025-08-20T13:00:00-07:00",
      "endTime": "2025-08-20T14:00:00-07:00",
      "numSeatsAvailable": 8,
      "resources": [
        {
          "name": "ICE",
          "id": "41551EWP73R1857088ACC9"
        }
      ],
      "privateEven
2025-08-16 06:45:48 API Response HTTP 200: {
  "data": [
    {
      "productId": "415516JNCHJ14F91D5A806",
      "eventId": "415516JNCHJ14F91D5A806_4155147W34N1594A111A20_2025-08-20",
      "startTime": "2025-08-20T14:00:00-07:00",
      "endTime": "2025-08-20T15:00:00-07:00",
      "numSeatsAvailable": 0,
      "resources": [
        {
          "name": "EGYPT",
          "id": "41551AATNWU185708841BC"
        }
      ],
      "privateEv
2025-08-16 06:45:48 API Response HTTP 200: {
  "data": [
    {
      "productId": "41551F9C679173BC114D28",
      "eventId": "41551F9C679173BC114D28_41551PMFNTY18496AE8649_2025-08-20",
      "startTime": "2025-08-20T13:00:00-07:00",
      "endTime": "2025-08-20T14:00:00-07:00",
      "numSeatsAvailable": 0,
      "resources": [
        {
          "name": "LIFT",
          "id": "415516E3CJF185707CABCC"
        }
      ],
      "privateEve
2025-08-16 06:45:49 API Response HTTP 429: {
  "httpStatus": 429,
  "message": "null. Please try again in 9 seconds.",
  "retryAfter": 9,
  "errorId": "1590KNODB25081606454964MWL"
}
2025-08-16 06:45:49 Rate limited. Waiting 9s then retrying...
2025-08-16 06:45:49 API Response HTTP 429: {
  "httpStatus": 429,
  "message": "null. Please try again in 9 seconds.",
  "retryAfter": 9,
  "errorId": "1590KNODB250816064549WU66P"
}
2025-08-16 06:45:49 Rate limited. Waiting 9s then retrying...
2025-08-16 06:45:49 API Response HTTP 200: {
  "data": [
    {
      "productId": "41551HE99XR14F91DF96B0",
      "eventId": "41551HE99XR14F91DF96B0_41590K9P36K1950102C5EC_2025-08-20",
      "startTime": "2025-08-20T13:00:00-07:00",
      "endTime": "2025-08-20T14:00:00-07:00",
      "numSeatsAvailable": 8,
      "resources": [
        {
          "name": "PRISON",
          "id": "41551MUUN3Y18570898A86"
        }
      ],
      "privateE
2025-08-16 06:45:50 API Response HTTP 429: {
  "httpStatus": 429,
  "message": "null. Please try again in 9 seconds.",
  "retryAfter": 9,
  "errorId": "1590KNODB25081606454936AW9"
}
2025-08-16 06:45:50 Rate limited. Waiting 9s then retrying...
2025-08-16 06:45:51 API Response HTTP 429: {
  "httpStatus": 429,
  "message": "null. Please try again in 8 seconds.",
  "retryAfter": 8,
  "errorId": "1590KNODB250816064550E6W6R"
}
2025-08-16 06:45:51 Rate limited. Waiting 8s then retrying...
2025-08-16 06:45:59 API Response HTTP 200: {
  "data": [
    {
      "productId": "41551PFXF3K14F91D8FABB",
      "eventId": "41551PFXF3K14F91D8FABB_41590HNXNLA19592B9D085_2025-08-20",
      "startTime": "2025-08-20T13:00:00-07:00",
      "endTime": "2025-08-20T14:00:00-07:00",
      "numSeatsAvailable": 8,
      "resources": [
        {
          "name": "ICE",
          "id": "41551EWP73R1857088ACC9"
        }
      ],
      "privateEven
2025-08-16 06:45:59 API Response HTTP 200: {
  "data": [
    {
      "productId": "415516JNCHJ14F91D5A806",
      "eventId": "415516JNCHJ14F91D5A806_4155147W34N1594A111A20_2025-08-20",
      "startTime": "2025-08-20T14:00:00-07:00",
      "endTime": "2025-08-20T15:00:00-07:00",
      "numSeatsAvailable": 0,
      "resources": [
        {
          "name": "EGYPT",
          "id": "41551AATNWU185708841BC"
        }
      ],
      "privateEv
2025-08-16 06:45:59 API Response HTTP 200: {
  "data": [
    {
      "productId": "41551XJM6F314F91E1CD68",
      "eventId": "41551XJM6F314F91E1CD68_415907MU36F195928BA139_2025-08-20",
      "startTime": "2025-08-20T14:00:00-07:00",
      "endTime": "2025-08-20T15:00:00-07:00",
      "numSeatsAvailable": 0,
      "resources": [
        {
          "name": "SUBMARINE",
          "id": "41551E69A6N185708A087B"
        }
      ],
      "priva
2025-08-16 06:45:59 API Response HTTP 200: {
  "data": [
    {
      "productId": "41551Y4PM9614F91DD1BC6",
      "eventId": "41551Y4PM9614F91DD1BC6_41590UFPU7W1959D430A60_2025-08-20",
      "startTime": "2025-08-20T14:00:00-07:00",
      "endTime": "2025-08-20T15:00:00-07:00",
      "numSeatsAvailable": 8,
      "resources": [
        {
          "name": "MUSEUM",
          "id": "41551ER469W185708915FB"
        }
      ],
      "privateE
2025-08-16 06:45:59 API Response HTTP 200: {
  "data": [
    {
      "productId": "41551PFXF3K14F91D8FABB",
      "eventId": "41551PFXF3K14F91D8FABB_41590HNXNLA19592B9D085_2025-08-27",
      "startTime": "2025-08-27T13:00:00-07:00",
      "endTime": "2025-08-27T14:00:00-07:00",
      "numSeatsAvailable": 8,
      "resources": [
        {
          "name": "ICE",
          "id": "41551EWP73R1857088ACC9"
        }
      ],
      "privateEven
2025-08-16 06:45:59 API Response HTTP 429: {
  "httpStatus": 429,
  "message": "null. Please try again in 9 seconds.",
  "retryAfter": 9,
  "errorId": "1590KNODB250816064559HKTCJ"
}
2025-08-16 06:45:59 Rate limited. Waiting 9s then retrying...
2025-08-16 06:46:01 API Response HTTP 429: {
  "httpStatus": 429,
  "message": "null. Please try again in 8 seconds.",
  "retryAfter": 8,
  "errorId": "1590KNODB250816064600TL4FF"
}
2025-08-16 06:46:01 Rate limited. Waiting 8s then retrying...
2025-08-16 06:46:01 API Response HTTP 429: {
  "httpStatus": 429,
  "message": "null. Please try again in 8 seconds.",
  "retryAfter": 8,
  "errorId": "1590KNODB25081606460034PPL"
}
2025-08-16 06:46:01 Rate limited. Waiting 8s then retrying...
2025-08-16 06:46:01 API Response HTTP 429: {
  "httpStatus": 429,
  "message": "null. Please try again in 8 seconds.",
  "retryAfter": 8,
  "errorId": "1590KNODB250816064600ATM4P"
}
2025-08-16 06:46:01 Rate limited. Waiting 8s then retrying...
2025-08-16 06:46:09 API Response HTTP 200: {
  "data": [
    {
      "productId": "41551F9C679173BC114D28",
      "eventId": "41551F9C679173BC114D28_41551PMFNTY18496AE8649_2025-08-27",
      "startTime": "2025-08-27T13:00:00-07:00",
      "endTime": "2025-08-27T14:00:00-07:00",
      "numSeatsAvailable": 4,
      "resources": [
        {
          "name": "LIFT",
          "id": "415516E3CJF185707CABCC"
        }
      ],
      "privateEve
2025-08-16 06:46:09 API Response HTTP 200: {
  "data": [
    {
      "productId": "41551XJM6F314F91E1CD68",
      "eventId": "41551XJM6F314F91E1CD68_415907MU36F195928BA139_2025-08-27",
      "startTime": "2025-08-27T14:00:00-07:00",
      "endTime": "2025-08-27T15:00:00-07:00",
      "numSeatsAvailable": 8,
      "resources": [
        {
          "name": "SUBMARINE",
          "id": "41551E69A6N185708A087B"
        }
      ],
      "priva
2025-08-16 06:46:09 API Response HTTP 200: {
  "data": [
    {
      "productId": "41551HE99XR14F91DF96B0",
      "eventId": "41551HE99XR14F91DF96B0_41590K9P36K1950102C5EC_2025-08-27",
      "startTime": "2025-08-27T13:00:00-07:00",
      "endTime": "2025-08-27T14:00:00-07:00",
      "numSeatsAvailable": 8,
      "resources": [
        {
          "name": "PRISON",
          "id": "41551MUUN3Y18570898A86"
        }
      ],
      "privateE
2025-08-16 06:46:09 API Response HTTP 200: {
  "data": [
    {
      "productId": "41551Y4PM9614F91DD1BC6",
      "eventId": "41551Y4PM9614F91DD1BC6_41590UFPU7W1959D430A60_2025-08-27",
      "startTime": "2025-08-27T14:00:00-07:00",
      "endTime": "2025-08-27T15:00:00-07:00",
      "numSeatsAvailable": 8,
      "resources": [
        {
          "name": "MUSEUM",
          "id": "41551ER469W185708915FB"
        }
      ],
      "privateE
2025-08-16 06:46:10 API Response HTTP 200: {
  "data": [
    {
      "productId": "41551XJM6F314F91E1CD68",
      "eventId": "41551XJM6F314F91E1CD68_415907MU36F195928BA139_2025-08-27",
      "startTime": "2025-08-27T14:00:00-07:00",
      "endTime": "2025-08-27T15:00:00-07:00",
      "numSeatsAvailable": 8,
      "resources": [
        {
          "name": "SUBMARINE",
          "id": "41551E69A6N185708A087B"
        }
      ],
      "priva
2025-08-16 06:46:10 API Response HTTP 429: {
  "httpStatus": 429,
  "message": "null. Please try again in 9 seconds.",
  "retryAfter": 9,
  "errorId": "1590KNODB250816064610X7EWT"
}
2025-08-16 06:46:10 Rate limited. Waiting 9s then retrying...
2025-08-16 06:46:10 API Response HTTP 429: {
  "httpStatus": 429,
  "message": "null. Please try again in 9 seconds.",
  "retryAfter": 9,
  "errorId": "1590KNODB250816064610K39YU"
}
2025-08-16 06:46:10 Rate limited. Waiting 9s then retrying...
2025-08-16 06:46:10 API Response HTTP 429: {
  "httpStatus": 429,
  "message": "null. Please try again in 9 seconds.",
  "retryAfter": 9,
  "errorId": "1590KNODB250816064610RKN3X"
}
2025-08-16 06:46:10 Rate limited. Waiting 9s then retrying...
2025-08-16 06:46:12 API Response HTTP 429: {
  "httpStatus": 429,
  "message": "null. Please try again in 8 seconds.",
  "retryAfter": 8,
  "errorId": "1590KNODB250816064611X36K4"
}
2025-08-16 06:46:12 Rate limited. Waiting 8s then retrying...
2025-08-16 06:46:19 API Response HTTP 200: {
  "data": [
    {
      "productId": "41551Y4PM9614F91DD1BC6",
      "eventId": "41551Y4PM9614F91DD1BC6_41590UFPU7W1959D430A60_2025-08-27",
      "startTime": "2025-08-27T14:00:00-07:00",
      "endTime": "2025-08-27T15:00:00-07:00",
      "numSeatsAvailable": 8,
      "resources": [
        {
          "name": "MUSEUM",
          "id": "41551ER469W185708915FB"
        }
      ],
      "privateE
2025-08-16 06:46:19 API Response HTTP 200: {
  "data": [
    {
      "productId": "41551F9C679173BC114D28",
      "eventId": "41551F9C679173BC114D28_41551PMFNTY18496AE8649_2025-08-27",
      "startTime": "2025-08-27T13:00:00-07:00",
      "endTime": "2025-08-27T14:00:00-07:00",
      "numSeatsAvailable": 4,
      "resources": [
        {
          "name": "LIFT",
          "id": "415516E3CJF185707CABCC"
        }
      ],
      "privateEve
2025-08-16 06:46:20 API Response HTTP 200: {
  "data": [
    {
      "productId": "41551HE99XR14F91DF96B0",
      "eventId": "41551HE99XR14F91DF96B0_41590K9P36K1950102C5EC_2025-08-27",
      "startTime": "2025-08-27T13:00:00-07:00",
      "endTime": "2025-08-27T14:00:00-07:00",
      "numSeatsAvailable": 8,
      "resources": [
        {
          "name": "PRISON",
          "id": "41551MUUN3Y18570898A86"
        }
      ],
      "privateE
2025-08-16 06:46:20 API Response HTTP 200: {
  "data": [
    {
      "productId": "415516JNCHJ14F91D5A806",
      "eventId": "415516JNCHJ14F91D5A806_4155147W34N1594A111A20_2025-08-27",
      "startTime": "2025-08-27T14:00:00-07:00",
      "endTime": "2025-08-27T15:00:00-07:00",
      "numSeatsAvailable": 8,
      "resources": [
        {
          "name": "EGYPT",
          "id": "41551AATNWU185708841BC"
        }
      ],
      "privateEv
2025-08-16 06:46:20 API Response HTTP 429: {
  "httpStatus": 429,
  "message": "null. Please try again in 9 seconds.",
  "retryAfter": 9,
  "errorId": "1590KNODB250816064620PTMRA"
}
2025-08-16 06:46:20 Rate limited. Waiting 9s then retrying...
2025-08-16 06:46:20 API Response HTTP 429: {
  "httpStatus": 429,
  "message": "null. Please try again in 9 seconds.",
  "retryAfter": 9,
  "errorId": "1590KNODB250816064620AACP3"
}
2025-08-16 06:46:20 Rate limited. Waiting 9s then retrying...
2025-08-16 06:46:21 API Response HTTP 429: {
  "httpStatus": 429,
  "message": "null. Please try again in 9 seconds.",
  "retryAfter": 9,
  "errorId": "1590KNODB250816064620WKRE7"
}
2025-08-16 06:46:21 Rate limited. Waiting 9s then retrying...
2025-08-16 06:46:21 API Response HTTP 429: {
  "httpStatus": 429,
  "message": "null. Please try again in 9 seconds.",
  "retryAfter": 9,
  "errorId": "1590KNODB250816064621C6AH6"
}
2025-08-16 06:46:21 Rate limited. Waiting 9s then retrying...
2025-08-16 06:46:30 API Response HTTP 200: {
  "data": [
    {
      "productId": "41551PFXF3K14F91D8FABB",
      "eventId": "41551PFXF3K14F91D8FABB_41590HNXNLA19592B9D085_2025-08-27",
      "startTime": "2025-08-27T13:00:00-07:00",
      "endTime": "2025-08-27T14:00:00-07:00",
      "numSeatsAvailable": 8,
      "resources": [
        {
          "name": "ICE",
          "id": "41551EWP73R1857088ACC9"
        }
      ],
      "privateEven
2025-08-16 06:46:30 API Response HTTP 200: {
  "data": [
    {
      "productId": "41551F9C679173BC114D28",
      "eventId": "41551F9C679173BC114D28_41551UPFMKH18496AE864A_2025-08-29",
      "startTime": "2025-08-29T13:00:00-07:00",
      "endTime": "2025-08-29T14:00:00-07:00",
      "numSeatsAvailable": 4,
      "resources": [
        {
          "name": "LIFT",
          "id": "415516E3CJF185707CABCC"
        }
      ],
      "privateEve
2025-08-16 06:46:30 API Response HTTP 200: {
  "data": [
    {
      "productId": "41551PFXF3K14F91D8FABB",
      "eventId": "41551PFXF3K14F91D8FABB_41590RKWUJM19592B9D085_2025-08-29",
      "startTime": "2025-08-29T13:00:00-07:00",
      "endTime": "2025-08-29T14:00:00-07:00",
      "numSeatsAvailable": 8,
      "resources": [
        {
          "name": "ICE",
          "id": "41551EWP73R1857088ACC9"
        }
      ],
      "privateEven
2025-08-16 06:46:31 API Response HTTP 200: {
  "data": [
    {
      "productId": "415516JNCHJ14F91D5A806",
      "eventId": "415516JNCHJ14F91D5A806_4155147W34N1594A111A20_2025-08-27",
      "startTime": "2025-08-27T14:00:00-07:00",
      "endTime": "2025-08-27T15:00:00-07:00",
      "numSeatsAvailable": 8,
      "resources": [
        {
          "name": "EGYPT",
          "id": "41551AATNWU185708841BC"
        }
      ],
      "privateEv
2025-08-16 06:46:32 API Response HTTP 200: {
  "data": [
    {
      "productId": "41551Y4PM9614F91DD1BC6",
      "eventId": "41551Y4PM9614F91DD1BC6_41590CEECC61959D430A60_2025-08-29",
      "startTime": "2025-08-29T14:00:00-07:00",
      "endTime": "2025-08-29T15:00:00-07:00",
      "numSeatsAvailable": 8,
      "resources": [
        {
          "name": "MUSEUM",
          "id": "41551ER469W185708915FB"
        }
      ],
      "privateE
2025-08-16 06:46:32 API Response HTTP 200: {
  "data": [
    {
      "productId": "41551XJM6F314F91E1CD68",
      "eventId": "41551XJM6F314F91E1CD68_41590E6LA3W195928BA13A_2025-08-29",
      "startTime": "2025-08-29T14:00:00-07:00",
      "endTime": "2025-08-29T15:00:00-07:00",
      "numSeatsAvailable": 8,
      "resources": [
        {
          "name": "SUBMARINE",
          "id": "41551E69A6N185708A087B"
        }
      ],
      "priva
2025-08-16 06:46:32 API Response HTTP 200: {
  "data": [
    {
      "productId": "41551HE99XR14F91DF96B0",
      "eventId": "41551HE99XR14F91DF96B0_41590Y7A9UW1950102C5EC_2025-08-29",
      "startTime": "2025-08-29T13:00:00-07:00",
      "endTime": "2025-08-29T14:00:00-07:00",
      "numSeatsAvailable": 8,
      "resources": [
        {
          "name": "PRISON",
          "id": "41551MUUN3Y18570898A86"
        }
      ],
      "privateE
2025-08-16 06:46:32 API Response HTTP 200: {
  "data": [
    {
      "productId": "415516JNCHJ14F91D5A806",
      "eventId": "415516JNCHJ14F91D5A806_41551ULJL4P1594A111A21_2025-08-29",
      "startTime": "2025-08-29T14:00:00-07:00",
      "endTime": "2025-08-29T15:00:00-07:00",
      "numSeatsAvailable": 8,
      "resources": [
        {
          "name": "EGYPT",
          "id": "41551AATNWU185708841BC"
        }
      ],
      "privateEv
2025-08-16 06:46:43 API Response HTTP 200: {
  "data": [
    {
      "productId": "41551F9C679173BC114D28",
      "eventId": "41551F9C679173BC114D28_41551UPFMKH18496AE864A_2025-08-29",
      "startTime": "2025-08-29T13:00:00-07:00",
      "endTime": "2025-08-29T14:00:00-07:00",
      "numSeatsAvailable": 4,
      "resources": [
        {
          "name": "LIFT",
          "id": "415516E3CJF185707CABCC"
        }
      ],
      "privateEve
2025-08-16 06:46:43 API Response HTTP 200: {
  "data": [
    {
      "productId": "41551PFXF3K14F91D8FABB",
      "eventId": "41551PFXF3K14F91D8FABB_41590RKWUJM19592B9D085_2025-08-29",
      "startTime": "2025-08-29T13:00:00-07:00",
      "endTime": "2025-08-29T14:00:00-07:00",
      "numSeatsAvailable": 8,
      "resources": [
        {
          "name": "ICE",
          "id": "41551EWP73R1857088ACC9"
        }
      ],
      "privateEven
2025-08-16 06:46:43 API Response HTTP 200: {
  "data": [
    {
      "productId": "41551HE99XR14F91DF96B0",
      "eventId": "41551HE99XR14F91DF96B0_41590Y7A9UW1950102C5EC_2025-08-29",
      "startTime": "2025-08-29T13:00:00-07:00",
      "endTime": "2025-08-29T14:00:00-07:00",
      "numSeatsAvailable": 8,
      "resources": [
        {
          "name": "PRISON",
          "id": "41551MUUN3Y18570898A86"
        }
      ],
      "privateE
2025-08-16 06:46:43 API Response HTTP 200: {
  "data": [
    {
      "productId": "41551XJM6F314F91E1CD68",
      "eventId": "41551XJM6F314F91E1CD68_41590E6LA3W195928BA13A_2025-08-29",
      "startTime": "2025-08-29T14:00:00-07:00",
      "endTime": "2025-08-29T15:00:00-07:00",
      "numSeatsAvailable": 8,
      "resources": [
        {
          "name": "SUBMARINE",
          "id": "41551E69A6N185708A087B"
        }
      ],
      "priva
2025-08-16 06:46:45 API Response HTTP 200: {
  "data": [
    {
      "productId": "415516JNCHJ14F91D5A806",
      "eventId": "415516JNCHJ14F91D5A806_41551ULJL4P1594A111A21_2025-08-29",
      "startTime": "2025-08-29T14:00:00-07:00",
      "endTime": "2025-08-29T15:00:00-07:00",
      "numSeatsAvailable": 8,
      "resources": [
        {
          "name": "EGYPT",
          "id": "41551AATNWU185708841BC"
        }
      ],
      "privateEv
2025-08-16 06:46:45 API Response HTTP 200: {
  "data": [
    {
      "productId": "41551Y4PM9614F91DD1BC6",
      "eventId": "41551Y4PM9614F91DD1BC6_41590CEECC61959D430A60_2025-08-29",
      "startTime": "2025-08-29T14:00:00-07:00",
      "endTime": "2025-08-29T15:00:00-07:00",
      "numSeatsAvailable": 8,
      "resources": [
        {
          "name": "MUSEUM",
          "id": "41551ER469W185708915FB"
        }
      ],
      "privateE
2025-08-16 06:46:50 API Response HTTP 200: {
  "data": [
    {
      "productId": "41551F9C679173BC114D28",
      "eventId": "41551F9C679173BC114D28_41551UPFMKH18496AE864A_2025-08-29",
      "startTime": "2025-08-29T13:00:00-07:00",
      "endTime": "2025-08-29T14:00:00-07:00",
      "numSeatsAvailable": 4,
      "resources": [
        {
          "name": "LIFT",
          "id": "415516E3CJF185707CABCC"
        }
      ],
      "privateEve
2025-08-16 06:46:50 API Response HTTP 200: {
  "data": [
    {
      "productId": "41551Y4PM9614F91DD1BC6",
      "eventId": "41551Y4PM9614F91DD1BC6_41590CEECC61959D430A60_2025-08-29",
      "startTime": "2025-08-29T14:00:00-07:00",
      "endTime": "2025-08-29T15:00:00-07:00",
      "numSeatsAvailable": 8,
      "resources": [
        {
          "name": "MUSEUM",
          "id": "41551ER469W185708915FB"
        }
      ],
      "privateE
2025-08-16 06:46:50 API Response HTTP 200: {
  "data": [
    {
      "productId": "41551XJM6F314F91E1CD68",
      "eventId": "41551XJM6F314F91E1CD68_41590E6LA3W195928BA13A_2025-08-29",
      "startTime": "2025-08-29T14:00:00-07:00",
      "endTime": "2025-08-29T15:00:00-07:00",
      "numSeatsAvailable": 8,
      "resources": [
        {
          "name": "SUBMARINE",
          "id": "41551E69A6N185708A087B"
        }
      ],
      "priva
2025-08-16 06:46:50 API Response HTTP 200: {
  "data": [
    {
      "productId": "41551PFXF3K14F91D8FABB",
      "eventId": "41551PFXF3K14F91D8FABB_41590RKWUJM19592B9D085_2025-08-29",
      "startTime": "2025-08-29T13:00:00-07:00",
      "endTime": "2025-08-29T14:00:00-07:00",
      "numSeatsAvailable": 8,
      "resources": [
        {
          "name": "ICE",
          "id": "41551EWP73R1857088ACC9"
        }
      ],
      "privateEven
2025-08-16 06:46:51 API Response HTTP 200: {
  "data": [
    {
      "productId": "415516JNCHJ14F91D5A806",
      "eventId": "415516JNCHJ14F91D5A806_41551ULJL4P1594A111A21_2025-08-29",
      "startTime": "2025-08-29T14:00:00-07:00",
      "endTime": "2025-08-29T15:00:00-07:00",
      "numSeatsAvailable": 8,
      "resources": [
        {
          "name": "EGYPT",
          "id": "41551AATNWU185708841BC"
        }
      ],
      "privateEv
2025-08-16 06:46:51 API Response HTTP 200: {
  "data": [
    {
      "productId": "41551HE99XR14F91DF96B0",
      "eventId": "41551HE99XR14F91DF96B0_41590Y7A9UW1950102C5EC_2025-08-29",
      "startTime": "2025-08-29T13:00:00-07:00",
      "endTime": "2025-08-29T14:00:00-07:00",
      "numSeatsAvailable": 8,
      "resources": [
        {
          "name": "PRISON",
          "id": "41551MUUN3Y18570898A86"
        }
      ],
      "privateE
2025-08-16 06:47:00 API Response HTTP 200: {
  "data": [
    {
      "productId": "41551F9C679173BC114D28",
      "eventId": "41551F9C679173BC114D28_41551UPFMKH18496AE864A_2025-08-29",
      "startTime": "2025-08-29T13:00:00-07:00",
      "endTime": "2025-08-29T14:00:00-07:00",
      "numSeatsAvailable": 4,
      "resources": [
        {
          "name": "LIFT",
          "id": "415516E3CJF185707CABCC"
        }
      ],
      "privateEve
2025-08-16 06:47:02 API Response HTTP 200: {
  "data": [
    {
      "productId": "41551F9C679173BC114D28",
      "eventId": "41551F9C679173BC114D28_41551UPFMKH18496AE864A_2025-08-29",
      "startTime": "2025-08-29T13:00:00-07:00",
      "endTime": "2025-08-29T14:00:00-07:00",
      "numSeatsAvailable": 4,
      "resources": [
        {
          "name": "LIFT",
          "id": "415516E3CJF185707CABCC"
        }
      ],
      "privateEve
2025-08-16 07:24:06 API Response HTTP 200: {
  "data": [
    {
      "productId": "41551PFXF3K14F91D8FABB",
      "eventId": "41551PFXF3K14F91D8FABB_41590PNU7C319592B9D086_2025-08-16",
      "startTime": "2025-08-16T13:00:00-07:00",
      "endTime": "2025-08-16T14:00:00-07:00",
      "numSeatsAvailable": 8,
      "resources": [
        {
          "name": "ICE",
          "id": "41551EWP73R1857088ACC9"
        }
      ],
      "privateEven
2025-08-16 07:24:06 API Response HTTP 200: {
  "data": [
    {
      "productId": "41551XJM6F314F91E1CD68",
      "eventId": "41551XJM6F314F91E1CD68_4159044CM3K195928BA13A_2025-08-16",
      "startTime": "2025-08-16T12:00:00-07:00",
      "endTime": "2025-08-16T13:00:00-07:00",
      "numSeatsAvailable": 8,
      "resources": [
        {
          "name": "SUBMARINE",
          "id": "41551E69A6N185708A087B"
        }
      ],
      "priva
2025-08-16 07:24:06 API Response HTTP 200: {
  "data": [
    {
      "productId": "415516JNCHJ14F91D5A806",
      "eventId": "415516JNCHJ14F91D5A806_41551YK6TW71594A111A21_2025-08-16",
      "startTime": "2025-08-16T12:00:00-07:00",
      "endTime": "2025-08-16T13:00:00-07:00",
      "numSeatsAvailable": 8,
      "resources": [
        {
          "name": "EGYPT",
          "id": "41551AATNWU185708841BC"
        }
      ],
      "privateEv
2025-08-16 07:24:06 API Response HTTP 200: {
  "data": [
    {
      "productId": "41551F9C679173BC114D28",
      "eventId": "41551F9C679173BC114D28_4155194KA6J18496AE864B_2025-08-16",
      "startTime": "2025-08-16T13:00:00-07:00",
      "endTime": "2025-08-16T14:00:00-07:00",
      "numSeatsAvailable": 4,
      "resources": [
        {
          "name": "LIFT",
          "id": "415516E3CJF185707CABCC"
        }
      ],
      "privateEve
2025-08-16 07:24:07 API Response HTTP 200: {
  "data": [
    {
      "productId": "41551HE99XR14F91DF96B0",
      "eventId": "41551HE99XR14F91DF96B0_41590JL64A31950102C5ED_2025-08-16",
      "startTime": "2025-08-16T13:00:00-07:00",
      "endTime": "2025-08-16T14:00:00-07:00",
      "numSeatsAvailable": 0,
      "resources": [
        {
          "name": "PRISON",
          "id": "41551MUUN3Y18570898A86"
        }
      ],
      "privateE
2025-08-16 07:24:07 API Response HTTP 200: {
  "data": [
    {
      "productId": "41551Y4PM9614F91DD1BC6",
      "eventId": "41551Y4PM9614F91DD1BC6_415907AJ6P61959D430A61_2025-08-16",
      "startTime": "2025-08-16T12:00:00-07:00",
      "endTime": "2025-08-16T13:00:00-07:00",
      "numSeatsAvailable": 0,
      "resources": [
        {
          "name": "MUSEUM",
          "id": "41551ER469W185708915FB"
        }
      ],
      "privateE
2025-08-16 07:27:11 API Response HTTP 200: {
  "data": [
    {
      "productId": "41551PFXF3K14F91D8FABB",
      "eventId": "41551PFXF3K14F91D8FABB_41590PNU7C319592B9D086_2025-08-16",
      "startTime": "2025-08-16T13:00:00-07:00",
      "endTime": "2025-08-16T14:00:00-07:00",
      "numSeatsAvailable": 8,
      "resources": [
        {
          "name": "ICE",
          "id": "41551EWP73R1857088ACC9"
        }
      ],
      "privateEven
2025-08-16 07:27:11 API Response HTTP 200: {
  "data": [
    {
      "productId": "41551XJM6F314F91E1CD68",
      "eventId": "41551XJM6F314F91E1CD68_4159044CM3K195928BA13A_2025-08-16",
      "startTime": "2025-08-16T12:00:00-07:00",
      "endTime": "2025-08-16T13:00:00-07:00",
      "numSeatsAvailable": 8,
      "resources": [
        {
          "name": "SUBMARINE",
          "id": "41551E69A6N185708A087B"
        }
      ],
      "priva
2025-08-16 07:27:11 API Response HTTP 200: {
  "data": [
    {
      "productId": "41551Y4PM9614F91DD1BC6",
      "eventId": "41551Y4PM9614F91DD1BC6_415907AJ6P61959D430A61_2025-08-16",
      "startTime": "2025-08-16T12:00:00-07:00",
      "endTime": "2025-08-16T13:00:00-07:00",
      "numSeatsAvailable": 0,
      "resources": [
        {
          "name": "MUSEUM",
          "id": "41551ER469W185708915FB"
        }
      ],
      "privateE
2025-08-16 07:27:11 API Response HTTP 200: {
  "data": [
    {
      "productId": "415516JNCHJ14F91D5A806",
      "eventId": "415516JNCHJ14F91D5A806_41551YK6TW71594A111A21_2025-08-16",
      "startTime": "2025-08-16T12:00:00-07:00",
      "endTime": "2025-08-16T13:00:00-07:00",
      "numSeatsAvailable": 8,
      "resources": [
        {
          "name": "EGYPT",
          "id": "41551AATNWU185708841BC"
        }
      ],
      "privateEv
2025-08-16 07:27:12 API Response HTTP 200: {
  "data": [
    {
      "productId": "41551F9C679173BC114D28",
      "eventId": "41551F9C679173BC114D28_4155194KA6J18496AE864B_2025-08-16",
      "startTime": "2025-08-16T13:00:00-07:00",
      "endTime": "2025-08-16T14:00:00-07:00",
      "numSeatsAvailable": 4,
      "resources": [
        {
          "name": "LIFT",
          "id": "415516E3CJF185707CABCC"
        }
      ],
      "privateEve
2025-08-16 07:27:12 API Response HTTP 429: {
  "httpStatus": 429,
  "message": "null. Please try again in 9 seconds.",
  "retryAfter": 9,
  "errorId": "1590KNODB250816072712L3Y4N"
}
2025-08-16 07:27:12 Rate limited. Waiting 9s then retrying...
2025-08-16 07:27:21 API Response HTTP 200: {
  "data": [
    {
      "productId": "41551HE99XR14F91DF96B0",
      "eventId": "41551HE99XR14F91DF96B0_41590JL64A31950102C5ED_2025-08-16",
      "startTime": "2025-08-16T13:00:00-07:00",
      "endTime": "2025-08-16T14:00:00-07:00",
      "numSeatsAvailable": 0,
      "resources": [
        {
          "name": "PRISON",
          "id": "41551MUUN3Y18570898A86"
        }
      ],
      "privateE
2025-08-16 07:28:57 API Response HTTP 200: {
  "data": [
    {
      "productId": "415516JNCHJ14F91D5A806",
      "eventId": "415516JNCHJ14F91D5A806_41551YK6TW71594A111A21_2025-08-16",
      "startTime": "2025-08-16T12:00:00-07:00",
      "endTime": "2025-08-16T13:00:00-07:00",
      "numSeatsAvailable": 8,
      "resources": [
        {
          "name": "EGYPT",
          "id": "41551AATNWU185708841BC"
        }
      ],
      "privateEv
2025-08-16 07:28:57 API Response HTTP 200: {
  "data": [
    {
      "productId": "41551F9C679173BC114D28",
      "eventId": "41551F9C679173BC114D28_4155194KA6J18496AE864B_2025-08-16",
      "startTime": "2025-08-16T13:00:00-07:00",
      "endTime": "2025-08-16T14:00:00-07:00",
      "numSeatsAvailable": 4,
      "resources": [
        {
          "name": "LIFT",
          "id": "415516E3CJF185707CABCC"
        }
      ],
      "privateEve
2025-08-16 07:28:57 API Response HTTP 200: {
  "data": [
    {
      "productId": "41551HE99XR14F91DF96B0",
      "eventId": "41551HE99XR14F91DF96B0_41590JL64A31950102C5ED_2025-08-16",
      "startTime": "2025-08-16T13:00:00-07:00",
      "endTime": "2025-08-16T14:00:00-07:00",
      "numSeatsAvailable": 0,
      "resources": [
        {
          "name": "PRISON",
          "id": "41551MUUN3Y18570898A86"
        }
      ],
      "privateE
2025-08-16 07:28:57 API Response HTTP 200: {
  "data": [
    {
      "productId": "41551PFXF3K14F91D8FABB",
      "eventId": "41551PFXF3K14F91D8FABB_41590PNU7C319592B9D086_2025-08-16",
      "startTime": "2025-08-16T13:00:00-07:00",
      "endTime": "2025-08-16T14:00:00-07:00",
      "numSeatsAvailable": 8,
      "resources": [
        {
          "name": "ICE",
          "id": "41551EWP73R1857088ACC9"
        }
      ],
      "privateEven
2025-08-16 07:28:58 API Response HTTP 200: {
  "data": [
    {
      "productId": "41551Y4PM9614F91DD1BC6",
      "eventId": "41551Y4PM9614F91DD1BC6_415907AJ6P61959D430A61_2025-08-16",
      "startTime": "2025-08-16T12:00:00-07:00",
      "endTime": "2025-08-16T13:00:00-07:00",
      "numSeatsAvailable": 0,
      "resources": [
        {
          "name": "MUSEUM",
          "id": "41551ER469W185708915FB"
        }
      ],
      "privateE
2025-08-16 07:28:58 API Response HTTP 200: {
  "data": [
    {
      "productId": "41551XJM6F314F91E1CD68",
      "eventId": "41551XJM6F314F91E1CD68_4159044CM3K195928BA13A_2025-08-16",
      "startTime": "2025-08-16T12:00:00-07:00",
      "endTime": "2025-08-16T13:00:00-07:00",
      "numSeatsAvailable": 8,
      "resources": [
        {
          "name": "SUBMARINE",
          "id": "41551E69A6N185708A087B"
        }
      ],
      "priva
